This is pdfTeX, Version 3.14159265-2.6-1.40.17 (TeX Live 2016/Arch Linux) (preloaded format=pdflatex 2016.9.17)  14 NOV 2016 11:23
entering extended mode
 restricted \write18 enabled.
 %&-line parsing enabled.
**frusciante.tex
(./frusciante.tex
LaTeX2e <2016/03/31> patch level 3
Babel <3.9r> and hyphenation patterns for 83 language(s) loaded.
(/usr/share/texmf-dist/tex/latex/base/article.cls
Document Class: article 2014/09/29 v1.4h Standard LaTeX document class
(/usr/share/texmf-dist/tex/latex/base/size10.clo
File: size10.clo 2014/09/29 v1.4h Standard LaTeX file (size option)
)
\c@part=\count79
\c@section=\count80
\c@subsection=\count81
\c@subsubsection=\count82
\c@paragraph=\count83
\c@subparagraph=\count84
\c@figure=\count85
\c@table=\count86
\abovecaptionskip=\skip41
\belowcaptionskip=\skip42
\bibindent=\dimen102
)
(/usr/share/texmf-dist/tex/latex/musixtex/musixtex.sty
(/usr/share/texmf-dist/tex/generic/musixtex/musixtex.tex
MusiXTeX(c) 1.23 <2016-06-06>
\n@i=\count87
\n@ii=\count88
\n@iii=\count89
\n@iv=\count90
\n@v=\count91
\n@vi=\count92
\n@vii=\count93
\n@viii=\count94
\toks@box=\box26
\w@rkbox=\box27
\n@otebox=\box28
\y@=\dimen103
\y@i=\dimen104
\y@ii=\dimen105
\y@iii=\dimen106
\y@iv=\dimen107
\y@v=\dimen108
\group@no=\count95
\interinstrument=\dimen109
\N@s=\count96
\s@Y=\dimen110
\lin@pos=\dimen111
\meet@minus@n@iv=\count97
\interbeam=\dimen112
\b@amthick=\dimen113
\Interligne=\dimen114
\Internote=\dimen115
\ch@box=\box29
\musicsize=\count98
\qd@skip=\dimen116
\qn@width=\dimen117
\wn@width=\dimen118
\txt@ff=\skip43
\s@indent=\skip44
\big@spc=\skip45
\lthick=\dimen119
\afterruleskip=\skip46
\staffbotmarg=\dimen120
\stafftopmarg=\dimen121
\line@width=\dimen122
\interportee=\dimen123
\noport@@=\count99
\noinstrum@nt=\count100
\altportee=\dimen124
\systemheight=\dimen125
\altplancher=\dimen126
\instrum@in@group=\skip47
\boxitsep=\skip48
\barsinpi@c@=\count101
\barno=\count102
\startbarno=\count103
\sign@skip=\dimen127
\maxsign@skip=\dimen128
\x@skip=\dimen129
\n@skip=\dimen130
\beforeruleskip=\skip49
\widthtyp@=\count104
\lastbarno=\count105
\cut@v=\skip50
\init@volta@pos=\skip51
\volta@startcor=\skip52
\volta@endcor=\skip53
\writ@volta@box=\box30
\barsinlin@=\count106
\maxbarsinlin@=\count107
\lastbarpos=\skip54
\ut@ref=\count108
\meterskip=\skip55
\t@c=\toks14
\clef@skip=\skip56
\noteskip=\dimen131
\transpose=\count109
\normaltranspose=\count110
\locx@skip=\dimen132
\elemskip=\dimen133
\@l@mskip=\dimen134
\inh@alt=\count111
\st@bot=\dimen135
\st@top=\dimen136
\stem@skip=\dimen137
\s@lope=\dimen138
\y@vi=\dimen139
\lift@rest=\dimen140
\accshift=\skip57
\@icresc=\skip58
\pdl@pos=\dimen141
\bigwedgebox=\box31
\@itrillei=\skip59
\@itrilleii=\skip60
\@itrilleiii=\skip61
\@itrilleiv=\skip62
\@itrillev=\skip63
\@itrillevi=\skip64
\tr@number=\count112
\o@swz=\toks15
\o@number=\count113
\y@vii=\dimen142
\y@viii=\dimen143
\y@ix=\dimen144
\tuptxtb@x=\box32
\notes@open=\count114
\k@ii=\skip65
\i@ni=\dimen145
\b@xi=\dimen146
\b@zi=\dimen147
\c@xi=\dimen148
\c@zi=\skip66
\d@xi=\dimen149
\d@zi=\skip67
\e@xi=\dimen150
\e@zi=\skip68
\b@pi=\count115
\b@ni=\count116
\n@pi=\count117
\a@si=\count118
\o@si=\count119
\a@ci=\toks16
\o@ci=\toks17
\m@ti=\toks18
\k@iii=\skip69
\i@nii=\dimen151
\b@xii=\dimen152
\b@zii=\dimen153
\c@xii=\dimen154
\c@zii=\skip70
\d@xii=\dimen155
\d@zii=\skip71
\e@xii=\dimen156
\e@zii=\skip72
\b@pii=\count120
\b@nii=\count121
\n@pii=\count122
\a@sii=\count123
\o@sii=\count124
\a@cii=\toks19
\o@cii=\toks20
\m@tii=\toks21
\k@iiii=\skip73
\i@niii=\dimen157
\b@xiii=\dimen158
\b@ziii=\dimen159
\c@xiii=\dimen160
\c@ziii=\skip74
\d@xiii=\dimen161
\d@ziii=\skip75
\e@xiii=\dimen162
\e@ziii=\skip76
\b@piii=\count125
\b@niii=\count126
\n@piii=\count127
\a@siii=\count128
\o@siii=\count129
\a@ciii=\toks22
\o@ciii=\toks23
\m@tiii=\toks24
\k@iiv=\skip77
\i@niv=\dimen163
\b@xiv=\dimen164
\b@ziv=\dimen165
\c@xiv=\dimen166
\c@ziv=\skip78
\d@xiv=\dimen167
\d@ziv=\skip79
\e@xiv=\dimen168
\e@ziv=\skip80
\b@piv=\count130
\b@niv=\count131
\n@piv=\count132
\a@siv=\count133
\o@siv=\count134
\a@civ=\toks25
\o@civ=\toks26
\m@tiv=\toks27
\k@iv=\skip81
\i@nv=\dimen169
\b@xv=\dimen170
\b@zv=\dimen171
\c@xv=\dimen172
\c@zv=\skip82
\d@xv=\dimen173
\d@zv=\skip83
\e@xv=\dimen174
\e@zv=\skip84
\b@pv=\count135
\b@nv=\count136
\n@pv=\count137
\a@sv=\count138
\o@sv=\count139
\a@cv=\toks28
\o@cv=\toks29
\m@tv=\toks30
\k@ivi=\skip85
\i@nvi=\dimen175
\b@xvi=\dimen176
\b@zvi=\dimen177
\c@xvi=\dimen178
\c@zvi=\skip86
\d@xvi=\dimen179
\d@zvi=\skip87
\e@xvi=\dimen180
\e@zvi=\skip88
\b@pvi=\count140
\b@nvi=\count141
\n@pvi=\count142
\a@svi=\count143
\o@svi=\count144
\a@cvi=\toks31
\o@cvi=\toks32
\m@tvi=\toks33
maxinstruments=6
\f@xi=\dimen181
\f@zi=\skip89
\f@xii=\dimen182
\f@zii=\skip90
\f@xiii=\dimen183
\f@ziii=\skip91
\f@xiv=\dimen184
\f@ziv=\skip92
\f@xv=\dimen185
\f@zv=\skip93
\f@xvi=\dimen186
\f@zvi=\skip94
 max128beams=6
\g@bi=\skip95
\g@hi=\skip96
\g@bii=\skip97
\g@hii=\skip98
\g@biii=\skip99
\g@hiii=\skip100
 maxgroups=3
\s@xi=\dimen187
\s@si=\toks34
\s@Yi=\dimen188
\s@ai=\skip101
\s@yi=\count145
\s@Ni=\count146
\s@zi=\count147
\s@di=\toks35
\s@xii=\dimen189
\s@sii=\toks36
\s@Yii=\dimen190
\s@aii=\skip102
\s@yii=\count148
\s@Nii=\count149
\s@zii=\count150
\s@dii=\toks37
\s@xiii=\dimen191
\s@siii=\toks38
\s@Yiii=\dimen192
\s@aiii=\skip103
\s@yiii=\count151
\s@Niii=\count152
\s@ziii=\count153
\s@diii=\toks39
\s@xiv=\dimen193
\s@siv=\toks40
\s@Yiv=\dimen194
\s@aiv=\skip104
\s@yiv=\count154
\s@Niv=\count155
\s@ziv=\count156
\s@div=\toks41
\s@xv=\dimen195
\s@sv=\toks42
\s@Yv=\dimen196
\s@av=\skip105
\s@yv=\count157
\s@Nv=\count158
\s@zv=\count159
\s@dv=\toks43
\s@xvi=\dimen197
\s@svi=\toks44
\s@Yvi=\dimen198
\s@avi=\skip106
\s@yvi=\count160
\s@Nvi=\count161
\s@zvi=\count162
\s@dvi=\toks45
 maxslurs=6
\tr@xi=\skip107
\tr@swi=\toks46
\tr@yi=\skip108
\tr@xii=\skip109
\tr@swii=\toks47
\tr@yii=\skip110
\tr@xiii=\skip111
\tr@swiii=\toks48
\tr@yiii=\skip112
\tr@xiv=\skip113
\tr@swiv=\toks49
\tr@yiv=\skip114
\tr@xv=\skip115
\tr@swv=\toks50
\tr@yv=\skip116
\tr@xvi=\skip117
\tr@swvi=\toks51
\tr@yvi=\skip118
 maxtrills=6
\o@xi=\skip119
\o@yi=\skip120
\o@swi=\toks52
\o@xii=\skip121
\o@yii=\skip122
\o@swii=\toks53
\o@xiii=\skip123
\o@yiii=\skip124
\o@swiii=\toks54
\o@xiv=\skip125
\o@yiv=\skip126
\o@swiv=\toks55
\o@xv=\skip127
\o@yv=\skip128
\o@swv=\toks56
\o@xvi=\skip129
\o@yvi=\skip130
\o@swvi=\toks57

maxoctlines=6
\outmux=\write3
\mulooseness=\count163
\linegoal=\count164
\l@eftrightbox=\box33
\inmux=\read1
) (/usr/share/texmf-dist/tex/latex/musixtex/musixltx.tex
MusiXLaTeX T.61 <25 September 1996>
)) (/usr/share/texmf-dist/tex/latex/graphics/graphicx.sty
Package: graphicx 2014/10/28 v1.0g Enhanced LaTeX Graphics (DPC,SPQR)

(/usr/share/texmf-dist/tex/latex/graphics/keyval.sty
Package: keyval 2014/10/28 v1.15 key=value parser (DPC)
\KV@toks@=\toks58
)
(/usr/share/texmf-dist/tex/latex/graphics/graphics.sty
Package: graphics 2016/07/10 v1.0t Standard LaTeX Graphics (DPC,SPQR)

(/usr/share/texmf-dist/tex/latex/graphics/trig.sty
Package: trig 2016/01/03 v1.10 sin cos tan (DPC)
)
(/usr/share/texmf-dist/tex/latex/graphics-cfg/graphics.cfg
File: graphics.cfg 2016/06/04 v1.11 sample graphics configuration
)
Package graphics Info: Driver file: pdftex.def on input line 99.

(/usr/share/texmf-dist/tex/latex/graphics-def/pdftex.def
File: pdftex.def 2016/07/10 v0.06j Graphics/color for pdfTeX

(/usr/share/texmf-dist/tex/generic/oberdiek/infwarerr.sty
Package: infwarerr 2016/05/16 v1.4 Providing info/warning/error messages (HO)
)
(/usr/share/texmf-dist/tex/generic/oberdiek/ltxcmds.sty
Package: ltxcmds 2016/05/16 v1.23 LaTeX kernel commands for general use (HO)
)
\Gread@gobject=\count165
))
\Gin@req@height=\dimen199
\Gin@req@width=\dimen256
) (./frusciante.aux)
\openout1 = `frusciante.aux'.

LaTeX Font Info:    Checking defaults for OML/cmm/m/it on input line 31.
LaTeX Font Info:    ... okay on input line 31.
LaTeX Font Info:    Checking defaults for T1/cmr/m/n on input line 31.
LaTeX Font Info:    ... okay on input line 31.
LaTeX Font Info:    Checking defaults for OT1/cmr/m/n on input line 31.
LaTeX Font Info:    ... okay on input line 31.
LaTeX Font Info:    Checking defaults for OMS/cmsy/m/n on input line 31.
LaTeX Font Info:    ... okay on input line 31.
LaTeX Font Info:    Checking defaults for OMX/cmex/m/n on input line 31.
LaTeX Font Info:    ... okay on input line 31.
LaTeX Font Info:    Checking defaults for U/cmr/m/n on input line 31.
LaTeX Font Info:    ... okay on input line 31.

(/usr/share/texmf-dist/tex/context/base/mkii/supp-pdf.mkii
[Loading MPS to PDF converter (version 2006.09.02).]
\scratchcounter=\count166
\scratchdimen=\dimen257
\scratchbox=\box34
\nofMPsegments=\count167
\nofMParguments=\count168
\everyMPshowfont=\toks59
\MPscratchCnt=\count169
\MPscratchDim=\dimen258
\MPnumerator=\count170
\makeMPintoPDFobject=\count171
\everyMPtoPDFconversion=\toks60
) (/usr/share/texmf-dist/tex/generic/oberdiek/pdftexcmds.sty
Package: pdftexcmds 2016/05/21 v0.22 Utility functions of pdfTeX for LuaTeX (HO
)

(/usr/share/texmf-dist/tex/generic/oberdiek/ifluatex.sty
Package: ifluatex 2016/05/16 v1.4 Provides the ifluatex switch (HO)
Package ifluatex Info: LuaTeX not detected.
)
(/usr/share/texmf-dist/tex/generic/oberdiek/ifpdf.sty
Package: ifpdf 2016/05/14 v3.1 Provides the ifpdf switch
)
Package pdftexcmds Info: LuaTeX not detected.
Package pdftexcmds Info: \pdf@primitive is available.
Package pdftexcmds Info: \pdf@ifprimitive is available.
Package pdftexcmds Info: \pdfdraftmode found.
)
(/usr/share/texmf-dist/tex/latex/oberdiek/epstopdf-base.sty
Package: epstopdf-base 2016/05/15 v2.6 Base part for package epstopdf

(/usr/share/texmf-dist/tex/latex/oberdiek/grfext.sty
Package: grfext 2016/05/16 v1.2 Manage graphics extensions (HO)

(/usr/share/texmf-dist/tex/generic/oberdiek/kvdefinekeys.sty
Package: kvdefinekeys 2016/05/16 v1.4 Define keys (HO)
))
(/usr/share/texmf-dist/tex/latex/oberdiek/kvoptions.sty
Package: kvoptions 2016/05/16 v3.12 Key value format for package options (HO)

(/usr/share/texmf-dist/tex/generic/oberdiek/kvsetkeys.sty
Package: kvsetkeys 2016/05/16 v1.17 Key value parser (HO)

(/usr/share/texmf-dist/tex/generic/oberdiek/etexcmds.sty
Package: etexcmds 2016/05/16 v1.6 Avoid name clashes with e-TeX commands (HO)
Package etexcmds Info: Could not find \expanded.
(etexcmds)             That can mean that you are not using pdfTeX 1.50 or
(etexcmds)             that some package has redefined \expanded.
(etexcmds)             In the latter case, load this package earlier.
)))
Package epstopdf-base Info: Redefining graphics rule for `.eps' on input line 4
38.
Package grfext Info: Graphics extension search list:
(grfext)             [.png,.pdf,.jpg,.mps,.jpeg,.jbig2,.jb2,.PNG,.PDF,.JPG,.JPE
G,.JBIG2,.JB2,.eps]
(grfext)             \AppendGraphicsExtensions on input line 456.

(/usr/share/texmf-dist/tex/latex/latexconfig/epstopdf-sys.cfg
File: epstopdf-sys.cfg 2010/07/13 v1.3 Configuration of (r)epstopdf for TeX Liv
e
))
\openout3 = `frusciante.mx1'.

 bar 1 bar 1
[1

{/var/lib/texmf/fonts/map/pdftex/updmap/pdftex.map}] (./frusciante.aux) ) 
Here is how much of TeX's memory you used:
 3397 strings out of 493013
 34997 string characters out of 6139317
 99127 words of memory out of 5000000
 6868 multiletter control sequences out of 15000+600000
 39163 words of font info for 137 fonts, out of 8000000 for 9000
 1141 hyphenation exceptions out of 8191
 41i,4n,25p,236b,199s stack positions out of 5000i,500n,10000p,200000b,80000s
</usr/
share/texmf-dist/fonts/type1/public/amsfonts/cm/cmr10.pfb></usr/share/texmf-dis
t/fonts/type1/public/amsfonts/cm/cmr8.pfb>
Output written on frusciante.pdf (1 page, 20319 bytes).
PDF statistics:
 16 PDF objects out of 1000 (max. 8388607)
 10 compressed objects within 1 object stream
 0 named destinations out of 1000 (max. 500000)
 1 words of extra memory for PDF output out of 10000 (max. 10000000)

