\BOOKMARK [1][-]{section.1}{\376\377\0001\000\040\000I\000n\000t\000r\000o\000d\000u\000c\000t\000i\000o\000n}{}% 1
\BOOKMARK [2][-]{subsection.1.1}{\376\377\0001\000.\0001\000\040\000B\000o\000o\000k\000\040\000c\000o\000v\000e\000r\000\040\000p\000a\000r\000t\000s}{section.1}% 2
\BOOKMARK [2][-]{subsection.1.2}{\376\377\0001\000.\0002\000\040\000B\000o\000o\000k\000\040\000c\000o\000v\000e\000r\000\040\000s\000i\000z\000e\000s}{section.1}% 3
\BOOKMARK [2][-]{subsection.1.3}{\376\377\0001\000.\0003\000\040\000L\000o\000a\000d\000i\000n\000g\000\040\000c\000l\000a\000s\000s}{section.1}% 4
\BOOKMARK [1][-]{section.2}{\376\377\0002\000\040\000M\000a\000i\000n\000\040\000m\000e\000t\000h\000o\000d}{}% 5
\BOOKMARK [2][-]{subsection.2.1}{\376\377\0002\000.\0001\000\040\000C\000o\000m\000m\000a\000n\000d\000s}{section.2}% 6
\BOOKMARK [2][-]{subsection.2.2}{\376\377\0002\000.\0002\000\040\000P\000a\000r\000t\000s\000\040\000i\000n\000\040\000t\000h\000e\000\040\000m\000a\000i\000n\000\040\000m\000e\000t\000h\000o\000d}{section.2}% 7
\BOOKMARK [3][-]{subsubsection.2.2.1}{\376\377\0002\000.\0002\000.\0001\000\040\000B\000a\000s\000e\000\040\000b\000a\000c\000k\000g\000r\000o\000u\000n\000d\000\040\000p\000a\000r\000t\000s}{subsection.2.2}% 8
\BOOKMARK [3][-]{subsubsection.2.2.2}{\376\377\0002\000.\0002\000.\0002\000\040\000B\000a\000s\000e\000\040\000f\000o\000r\000e\000g\000r\000o\000u\000n\000d\000\040\000p\000a\000r\000t\000s}{subsection.2.2}% 9
\BOOKMARK [3][-]{subsubsection.2.2.3}{\376\377\0002\000.\0002\000.\0003\000\040\000C\000o\000m\000b\000i\000n\000e\000d\000\040\000p\000a\000r\000t\000s}{subsection.2.2}% 10
\BOOKMARK [2][-]{subsection.2.3}{\376\377\0002\000.\0003\000\040\000C\000o\000m\000p\000o\000n\000e\000n\000t\000\040\000t\000y\000p\000e\000s}{section.2}% 11
\BOOKMARK [3][-]{subsubsection.2.3.1}{\376\377\0002\000.\0003\000.\0001\000\040\000c\000o\000l\000o\000r}{subsection.2.3}% 12
\BOOKMARK [3][-]{subsubsection.2.3.2}{\376\377\0002\000.\0003\000.\0002\000\040\000p\000i\000c\000t\000u\000r\000e}{subsection.2.3}% 13
\BOOKMARK [3][-]{subsubsection.2.3.3}{\376\377\0002\000.\0003\000.\0003\000\040\000t\000i\000k\000z}{subsection.2.3}% 14
\BOOKMARK [3][-]{subsubsection.2.3.4}{\376\377\0002\000.\0003\000.\0004\000\040\000t\000i\000k\000z\000\040\000c\000l\000i\000p}{subsection.2.3}% 15
\BOOKMARK [3][-]{subsubsection.2.3.5}{\376\377\0002\000.\0003\000.\0005\000\040\000n\000o\000r\000m\000a\000l}{subsection.2.3}% 16
\BOOKMARK [3][-]{subsubsection.2.3.6}{\376\377\0002\000.\0003\000.\0006\000\040\000c\000e\000n\000t\000e\000r}{subsection.2.3}% 17
\BOOKMARK [3][-]{subsubsection.2.3.7}{\376\377\0002\000.\0003\000.\0007\000\040\000r\000u\000l\000e\000r}{subsection.2.3}% 18
\BOOKMARK [2][-]{subsection.2.4}{\376\377\0002\000.\0004\000\040\000D\000e\000f\000i\000n\000i\000n\000g\000\040\000c\000o\000m\000p\000o\000n\000e\000n\000t\000\040\000t\000y\000p\000e}{section.2}% 19
\BOOKMARK [2][-]{subsection.2.5}{\376\377\0002\000.\0005\000\040\000D\000e\000f\000i\000n\000i\000n\000g\000\040\000p\000a\000r\000t}{section.2}% 20
\BOOKMARK [2][-]{subsection.2.6}{\376\377\0002\000.\0006\000\040\000F\000u\000l\000l\000\040\000e\000x\000a\000m\000p\000l\000e\000s}{section.2}% 21
\BOOKMARK [3][-]{subsubsection.2.6.1}{\376\377\0002\000.\0006\000.\0001\000\040\000A\000\040\000d\000u\000s\000t\000\040\000j\000a\000c\000k\000e\000t}{subsection.2.6}% 22
\BOOKMARK [3][-]{subsubsection.2.6.2}{\376\377\0002\000.\0006\000.\0002\000\040\000A\000\040\000t\000w\000o\000-\000s\000i\000d\000e\000d\000\040\000b\000o\000o\000k\000\040\000c\000o\000v\000e\000r}{subsection.2.6}% 23
\BOOKMARK [3][-]{subsubsection.2.6.3}{\376\377\0002\000.\0006\000.\0003\000\040\000D\000r\000a\000w\000i\000n\000g\000\040\000b\000a\000r\000\040\000c\000o\000d\000e\000\040\000b\000y\000\040\000p\000s\000t\000-\000b\000a\000r\000c\000o\000d\000e\000\040\000p\000a\000c\000k\000a\000g\000e}{subsection.2.6}% 24
\BOOKMARK [1][-]{section.3}{\376\377\0003\000\040\000O\000l\000d\000\040\000m\000e\000t\000h\000o\000d}{}% 25
\BOOKMARK [2][-]{subsection.3.1}{\376\377\0003\000.\0001\000\040\000C\000o\000m\000m\000a\000n\000d\000s}{section.3}% 26
\BOOKMARK [3][-]{subsubsection.3.1.1}{\376\377\0003\000.\0001\000.\0001\000\040\000B\000a\000c\000k\000g\000r\000o\000u\000n\000d\000\040\000c\000o\000l\000o\000r\000s}{subsection.3.1}% 27
\BOOKMARK [3][-]{subsubsection.3.1.2}{\376\377\0003\000.\0001\000.\0002\000\040\000B\000a\000c\000k\000g\000r\000o\000u\000n\000d\000\040\000p\000i\000c\000t\000u\000r\000e\000s}{subsection.3.1}% 28
\BOOKMARK [3][-]{subsubsection.3.1.3}{\376\377\0003\000.\0001\000.\0003\000\040\000B\000a\000c\000k\000g\000r\000o\000u\000n\000d\000\040\000T\000i\000k\000Z\000\040\000f\000i\000g\000u\000r\000e\000s}{subsection.3.1}% 29
\BOOKMARK [3][-]{subsubsection.3.1.4}{\376\377\0003\000.\0001\000.\0004\000\040\000F\000i\000r\000s\000t\000\040\000f\000o\000r\000e\000g\000r\000o\000u\000n\000d}{subsection.3.1}% 30
\BOOKMARK [3][-]{subsubsection.3.1.5}{\376\377\0003\000.\0001\000.\0005\000\040\000S\000e\000c\000o\000n\000d\000\040\000f\000o\000r\000e\000g\000r\000o\000u\000n\000d}{subsection.3.1}% 31
\BOOKMARK [3][-]{subsubsection.3.1.6}{\376\377\0003\000.\0001\000.\0006\000\040\000M\000a\000k\000i\000n\000g\000\040\000b\000o\000o\000k\000\040\000c\000o\000v\000e\000r}{subsection.3.1}% 32
\BOOKMARK [2][-]{subsection.3.2}{\376\377\0003\000.\0002\000\040\000P\000a\000r\000t\000s\000\040\000i\000n\000\040\000t\000h\000e\000\040\000o\000l\000d\000\040\000m\000e\000t\000h\000o\000d}{section.3}% 33
\BOOKMARK [3][-]{subsubsection.3.2.1}{\376\377\0003\000.\0002\000.\0001\000\040\000B\000a\000c\000k\000g\000r\000o\000u\000n\000d\000\040\000p\000a\000r\000t\000s}{subsection.3.2}% 34
\BOOKMARK [3][-]{subsubsection.3.2.2}{\376\377\0003\000.\0002\000.\0002\000\040\000F\000o\000r\000e\000g\000r\000o\000u\000n\000d\000\040\000p\000a\000r\000t\000s}{subsection.3.2}% 35
\BOOKMARK [2][-]{subsection.3.3}{\376\377\0003\000.\0003\000\040\000L\000a\000y\000e\000r\000s}{section.3}% 36
\BOOKMARK [2][-]{subsection.3.4}{\376\377\0003\000.\0004\000\040\000F\000u\000l\000l\000\040\000e\000x\000a\000m\000p\000l\000e\000s}{section.3}% 37
\BOOKMARK [3][-]{subsubsection.3.4.1}{\376\377\0003\000.\0004\000.\0001\000\040\000A\000\040\000d\000u\000s\000t\000\040\000j\000a\000c\000k\000e\000t}{subsection.3.4}% 38
\BOOKMARK [3][-]{subsubsection.3.4.2}{\376\377\0003\000.\0004\000.\0002\000\040\000A\000\040\000t\000w\000o\000-\000s\000i\000d\000e\000d\000\040\000b\000o\000o\000k\000\040\000c\000o\000v\000e\000r}{subsection.3.4}% 39
\BOOKMARK [3][-]{subsubsection.3.4.3}{\376\377\0003\000.\0004\000.\0003\000\040\000D\000r\000a\000w\000i\000n\000g\000\040\000b\000a\000r\000\040\000c\000o\000d\000e\000\040\000b\000y\000\040\000p\000s\000t\000-\000b\000a\000r\000c\000o\000d\000e\000\040\000p\000a\000c\000k\000a\000g\000e}{subsection.3.4}% 40
\BOOKMARK [1][-]{section*.18}{\376\377\000A\000p\000p\000e\000n\000d\000i\000x}{}% 41
\BOOKMARK [2][-]{section*.19}{\376\377\000B\000a\000c\000k\000g\000r\000o\000u\000n\000d\000\040\000p\000a\000r\000t\000s\000\040\000i\000n\000\040\000t\000h\000e\000\040\000m\000a\000i\000n\000\040\000m\000e\000t\000h\000o\000d\000\040\000\050\000w\000i\000d\000t\000h\000\040\000f\000l\000a\000p\000s\000\051}{section*.18}% 42
\BOOKMARK [2][-]{section*.23}{\376\377\000B\000a\000c\000k\000g\000r\000o\000u\000n\000d\000\040\000p\000a\000r\000t\000s\000\040\000i\000n\000\040\000t\000h\000e\000\040\000m\000a\000i\000n\000\040\000m\000e\000t\000h\000o\000d\000\040\000\050\000w\000i\000d\000t\000h\000o\000u\000t\000\040\000f\000l\000a\000p\000s\000\051}{section*.18}% 43
