This is pdfTeX, Version 3.14159265-2.6-1.40.19 (TeX Live 2019/dev/Debian) (preloaded format=pdflatex 2021.2.5)  25 FEB 2021 08:53
entering extended mode
 restricted \write18 enabled.
 %&-line parsing enabled.
**juarez-cv.tex
(./juarez-cv.tex
LaTeX2e <2018-12-01>
(./fortysecondscv.cls
Document Class: fortysecondscv 2020/02/09 CV class

! LaTeX Error: File `xcolor.sty' not found.

Type X to quit or <RETURN> to proceed,
or enter new name. (Default extension: sty)

Enter file name: 

! LaTeX Error: Unknown option `dvipsnames' for package `xcolor'.

See the LaTeX manual or LaTeX Companion for explanation.
Type  H <return>  for immediate help.
 ...                                              
                                                  
l.38 \RequirePackage
                    [absolute,overlay]{textpos}
? 

! LaTeX Error: Unknown option `svgnames' for package `xcolor'.

See the LaTeX manual or LaTeX Companion for explanation.
Type  H <return>  for immediate help.
 ...                                              
                                                  
l.38 \RequirePackage
                    [absolute,overlay]{textpos}
? 

! LaTeX Error: Unknown option `x11names' for package `xcolor'.

See the LaTeX manual or LaTeX Companion for explanation.
Type  H <return>  for immediate help.
 ...                                              
                                                  
l.38 \RequirePackage
                    [absolute,overlay]{textpos}
? 

! LaTeX Error: File `textpos.sty' not found.

Type X to quit or <RETURN> to proceed,
or enter new name. (Default extension: sty)

Enter file name: 

! LaTeX Error: Unknown option `absolute' for package `textpos'.

See the LaTeX manual or LaTeX Companion for explanation.
Type  H <return>  for immediate help.
 ...                                              
                                                  
l.40 \RequirePackage
                    {xkeyval}
? 

! LaTeX Error: Unknown option `overlay' for package `textpos'.

See the LaTeX manual or LaTeX Companion for explanation.
Type  H <return>  for immediate help.
 ...                                              
                                                  
l.40 \RequirePackage
                    {xkeyval}
? 

! LaTeX Error: File `xkeyval.sty' not found.

Type X to quit or <RETURN> to proceed,
or enter new name. (Default extension: sty)

Enter file name: 

! LaTeX Error: File `etoolbox.sty' not found.

Type X to quit or <RETURN> to proceed,
or enter new name. (Default extension: sty)

Enter file name: 
(/usr/share/texlive/texmf-dist/tex/latex/base/ifthen.sty
Package: ifthen 2014/09/29 v1.1c Standard LaTeX ifthen package (DPC)
)
(/usr/share/texlive/texmf-dist/tex/latex/tools/calc.sty
Package: calc 2017/05/25 v4.3 Infix arithmetic (KKT,FJ)
\calc@Acount=\count80
\calc@Bcount=\count81
\calc@Adimen=\dimen102
\calc@Bdimen=\dimen103
\calc@Askip=\skip41
\calc@Bskip=\skip42
LaTeX Info: Redefining \setlength on input line 80.
LaTeX Info: Redefining \addtolength on input line 81.
\calc@Ccount=\count82
\calc@Cskip=\skip43
)
(/usr/share/texlive/texmf-dist/tex/latex/geometry/geometry.sty
Package: geometry 2018/04/16 v5.8 Page Geometry

(/usr/share/texlive/texmf-dist/tex/latex/graphics/keyval.sty
Package: keyval 2014/10/28 v1.15 key=value parser (DPC)
\KV@toks@=\toks14
)
(/usr/share/texlive/texmf-dist/tex/generic/oberdiek/ifpdf.sty
Package: ifpdf 2018/09/07 v3.3 Provides the ifpdf switch
)
(/usr/share/texlive/texmf-dist/tex/generic/oberdiek/ifvtex.sty
Package: ifvtex 2016/05/16 v1.6 Detect VTeX and its facilities (HO)
Package ifvtex Info: VTeX not detected.
)
(/usr/share/texlive/texmf-dist/tex/generic/ifxetex/ifxetex.sty
Package: ifxetex 2010/09/12 v0.6 Provides ifxetex conditional
)
\Gm@cnth=\count83
\Gm@cntv=\count84
\c@Gm@tempcnt=\count85
\Gm@bindingoffset=\dimen104
\Gm@wd@mp=\dimen105
\Gm@odd@mp=\dimen106
\Gm@even@mp=\dimen107
\Gm@layoutwidth=\dimen108
\Gm@layoutheight=\dimen109
\Gm@layouthoffset=\dimen110
\Gm@layoutvoffset=\dimen111
\Gm@dimlist=\toks15
)
! Undefined control sequence.
l.56 \definecolor
                 {cvblue}{HTML}{0E5484}
? 

! LaTeX Error: Missing \begin{document}.

See the LaTeX manual or LaTeX Companion for explanation.
Type  H <return>  for immediate help.
 ...                                              
                                                  
l.56 \definecolor{c
                   vblue}{HTML}{0E5484}
? 
Missing character: There is no c in font nullfont!
Missing character: There is no v in font nullfont!
Missing character: There is no b in font nullfont!
Missing character: There is no l in font nullfont!
Missing character: There is no u in font nullfont!
Missing character: There is no e in font nullfont!
Missing character: There is no H in font nullfont!
Missing character: There is no T in font nullfont!
Missing character: There is no M in font nullfont!
Missing character: There is no L in font nullfont!
Missing character: There is no 0 in font nullfont!
Missing character: There is no E in font nullfont!
Missing character: There is no 5 in font nullfont!
Missing character: There is no 4 in font nullfont!
Missing character: There is no 8 in font nullfont!
Missing character: There is no 4 in font nullfont!
! Undefined control sequence.
l.57 \definecolor
                 {cvgreen}{HTML}{007170}
? 
Missing character: There is no c in font nullfont!
Missing character: There is no v in font nullfont!
Missing character: There is no g in font nullfont!
Missing character: There is no r in font nullfont!
Missing character: There is no e in font nullfont!
Missing character: There is no e in font nullfont!
Missing character: There is no n in font nullfont!
Missing character: There is no H in font nullfont!
Missing character: There is no T in font nullfont!
Missing character: There is no M in font nullfont!
Missing character: There is no L in font nullfont!
Missing character: There is no 0 in font nullfont!
Missing character: There is no 0 in font nullfont!
Missing character: There is no 7 in font nullfont!
Missing character: There is no 1 in font nullfont!
Missing character: There is no 7 in font nullfont!
Missing character: There is no 0 in font nullfont!
! Undefined control sequence.
l.58 \definecolor
                 {cvred}{HTML}{8B0000}
? 
Missing character: There is no c in font nullfont!
Missing character: There is no v in font nullfont!
Missing character: There is no r in font nullfont!
Missing character: There is no e in font nullfont!
Missing character: There is no d in font nullfont!
Missing character: There is no H in font nullfont!
Missing character: There is no T in font nullfont!
Missing character: There is no M in font nullfont!
Missing character: There is no L in font nullfont!
Missing character: There is no 8 in font nullfont!
Missing character: There is no B in font nullfont!
Missing character: There is no 0 in font nullfont!
Missing character: There is no 0 in font nullfont!
Missing character: There is no 0 in font nullfont!
Missing character: There is no 0 in font nullfont!
! Undefined control sequence.
l.59 \definecolor
                 {cvsidecolor}{HTML}{E7E7E7}
? 
Missing character: There is no c in font nullfont!
Missing character: There is no v in font nullfont!
Missing character: There is no s in font nullfont!
Missing character: There is no i in font nullfont!
Missing character: There is no d in font nullfont!
Missing character: There is no e in font nullfont!
Missing character: There is no c in font nullfont!
Missing character: There is no o in font nullfont!
Missing character: There is no l in font nullfont!
Missing character: There is no o in font nullfont!
Missing character: There is no r in font nullfont!
Missing character: There is no H in font nullfont!
Missing character: There is no T in font nullfont!
Missing character: There is no M in font nullfont!
Missing character: There is no L in font nullfont!
Missing character: There is no E in font nullfont!
Missing character: There is no 7 in font nullfont!
Missing character: There is no E in font nullfont!
Missing character: There is no 7 in font nullfont!
Missing character: There is no E in font nullfont!
Missing character: There is no 7 in font nullfont!
! Undefined control sequence.
l.60 \definecolor
                 {cvsectioncolor}{HTML}{0395DE}
? 
Missing character: There is no c in font nullfont!
Missing character: There is no v in font nullfont!
Missing character: There is no s in font nullfont!
Missing character: There is no e in font nullfont!
Missing character: There is no c in font nullfont!
Missing character: There is no t in font nullfont!
Missing character: There is no i in font nullfont!
Missing character: There is no o in font nullfont!
Missing character: There is no n in font nullfont!
Missing character: There is no c in font nullfont!
Missing character: There is no o in font nullfont!
Missing character: There is no l in font nullfont!
Missing character: There is no o in font nullfont!
Missing character: There is no r in font nullfont!
Missing character: There is no H in font nullfont!
Missing character: There is no T in font nullfont!
Missing character: There is no M in font nullfont!
Missing character: There is no L in font nullfont!
Missing character: There is no 0 in font nullfont!
Missing character: There is no 3 in font nullfont!
Missing character: There is no 9 in font nullfont!
Missing character: There is no 5 in font nullfont!
Missing character: There is no D in font nullfont!
Missing character: There is no E in font nullfont!
! Undefined control sequence.
l.61 \definecolor
                 {cvsubsectioncolor}{HTML}{4D4D4D}
? 
Missing character: There is no c in font nullfont!
Missing character: There is no v in font nullfont!
Missing character: There is no s in font nullfont!
Missing character: There is no u in font nullfont!
Missing character: There is no b in font nullfont!
Missing character: There is no s in font nullfont!
Missing character: There is no e in font nullfont!
Missing character: There is no c in font nullfont!
Missing character: There is no t in font nullfont!
Missing character: There is no i in font nullfont!
Missing character: There is no o in font nullfont!
Missing character: There is no n in font nullfont!
Missing character: There is no c in font nullfont!
Missing character: There is no o in font nullfont!
Missing character: There is no l in font nullfont!
Missing character: There is no o in font nullfont!
Missing character: There is no r in font nullfont!
Missing character: There is no H in font nullfont!
Missing character: There is no T in font nullfont!
Missing character: There is no M in font nullfont!
Missing character: There is no L in font nullfont!
Missing character: There is no 4 in font nullfont!
Missing character: There is no D in font nullfont!
Missing character: There is no 4 in font nullfont!
Missing character: There is no D in font nullfont!
Missing character: There is no 4 in font nullfont!
Missing character: There is no D in font nullfont!
! Undefined control sequence.
l.63 \colorlet
              {maincolor}{cvblue}
? 
Missing character: There is no m in font nullfont!
Missing character: There is no a in font nullfont!
Missing character: There is no i in font nullfont!
Missing character: There is no n in font nullfont!
Missing character: There is no c in font nullfont!
Missing character: There is no o in font nullfont!
Missing character: There is no l in font nullfont!
Missing character: There is no o in font nullfont!
Missing character: There is no r in font nullfont!
Missing character: There is no c in font nullfont!
Missing character: There is no v in font nullfont!
Missing character: There is no b in font nullfont!
Missing character: There is no l in font nullfont!
Missing character: There is no u in font nullfont!
Missing character: There is no e in font nullfont!
! Undefined control sequence.
l.64 \colorlet
              {sidecolor}{cvsidecolor}
? 
Missing character: There is no s in font nullfont!
Missing character: There is no i in font nullfont!
Missing character: There is no d in font nullfont!
Missing character: There is no e in font nullfont!
Missing character: There is no c in font nullfont!
Missing character: There is no o in font nullfont!
Missing character: There is no l in font nullfont!
Missing character: There is no o in font nullfont!
Missing character: There is no r in font nullfont!
Missing character: There is no c in font nullfont!
Missing character: There is no v in font nullfont!
Missing character: There is no s in font nullfont!
Missing character: There is no i in font nullfont!
Missing character: There is no d in font nullfont!
Missing character: There is no e in font nullfont!
Missing character: There is no c in font nullfont!
Missing character: There is no o in font nullfont!
Missing character: There is no l in font nullfont!
Missing character: There is no o in font nullfont!
Missing character: There is no r in font nullfont!
! Undefined control sequence.
l.65 \colorlet
              {sectioncolor}{cvsectioncolor}
? 
Missing character: There is no s in font nullfont!
Missing character: There is no e in font nullfont!
Missing character: There is no c in font nullfont!
Missing character: There is no t in font nullfont!
Missing character: There is no i in font nullfont!
Missing character: There is no o in font nullfont!
Missing character: There is no n in font nullfont!
Missing character: There is no c in font nullfont!
Missing character: There is no o in font nullfont!
Missing character: There is no l in font nullfont!
Missing character: There is no o in font nullfont!
Missing character: There is no r in font nullfont!
Missing character: There is no c in font nullfont!
Missing character: There is no v in font nullfont!
Missing character: There is no s in font nullfont!
Missing character: There is no e in font nullfont!
Missing character: There is no c in font nullfont!
Missing character: There is no t in font nullfont!
Missing character: There is no i in font nullfont!
Missing character: There is no o in font nullfont!
Missing character: There is no n in font nullfont!
Missing character: There is no c in font nullfont!
Missing character: There is no o in font nullfont!
Missing character: There is no l in font nullfont!
Missing character: There is no o in font nullfont!
Missing character: There is no r in font nullfont!
! Undefined control sequence.
l.66 \colorlet
              {subsectioncolor}{cvsubsectioncolor}
? 
Missing character: There is no s in font nullfont!
Missing character: There is no u in font nullfont!
Missing character: There is no b in font nullfont!
Missing character: There is no s in font nullfont!
Missing character: There is no e in font nullfont!
Missing character: There is no c in font nullfont!
Missing character: There is no t in font nullfont!
Missing character: There is no i in font nullfont!
Missing character: There is no o in font nullfont!
Missing character: There is no n in font nullfont!
Missing character: There is no c in font nullfont!
Missing character: There is no o in font nullfont!
Missing character: There is no l in font nullfont!
Missing character: There is no o in font nullfont!
Missing character: There is no r in font nullfont!
Missing character: There is no c in font nullfont!
Missing character: There is no v in font nullfont!
Missing character: There is no s in font nullfont!
Missing character: There is no u in font nullfont!
Missing character: There is no b in font nullfont!
Missing character: There is no s in font nullfont!
Missing character: There is no e in font nullfont!
Missing character: There is no c in font nullfont!
Missing character: There is no t in font nullfont!
Missing character: There is no i in font nullfont!
Missing character: There is no o in font nullfont!
Missing character: There is no n in font nullfont!
Missing character: There is no c in font nullfont!
Missing character: There is no o in font nullfont!
Missing character: There is no l in font nullfont!
Missing character: There is no o in font nullfont!
Missing character: There is no r in font nullfont!
! Undefined control sequence.
l.67 \colorlet
              {itemtextcolor}{black!90}
? 
Missing character: There is no i in font nullfont!
Missing character: There is no t in font nullfont!
Missing character: There is no e in font nullfont!
Missing character: There is no m in font nullfont!
Missing character: There is no t in font nullfont!
Missing character: There is no e in font nullfont!
Missing character: There is no x in font nullfont!
Missing character: There is no t in font nullfont!
Missing character: There is no c in font nullfont!
Missing character: There is no o in font nullfont!
Missing character: There is no l in font nullfont!
Missing character: There is no o in font nullfont!
Missing character: There is no r in font nullfont!
Missing character: There is no b in font nullfont!
Missing character: There is no l in font nullfont!
Missing character: There is no a in font nullfont!
Missing character: There is no c in font nullfont!
Missing character: There is no k in font nullfont!
Missing character: There is no ! in font nullfont!
Missing character: There is no 9 in font nullfont!
Missing character: There is no 0 in font nullfont!
! Undefined control sequence.
l.70 \DeclareOptionX
                    {maincolor}{\colorlet{maincolor}{#1}}
? 
Missing character: There is no m in font nullfont!
Missing character: There is no a in font nullfont!
Missing character: There is no i in font nullfont!
Missing character: There is no n in font nullfont!
Missing character: There is no c in font nullfont!
Missing character: There is no o in font nullfont!
Missing character: There is no l in font nullfont!
Missing character: There is no o in font nullfont!
Missing character: There is no r in font nullfont!
! Undefined control sequence.
l.70 \DeclareOptionX{maincolor}{\colorlet
                                         {maincolor}{#1}}
? 
Missing character: There is no m in font nullfont!
Missing character: There is no a in font nullfont!
Missing character: There is no i in font nullfont!
Missing character: There is no n in font nullfont!
Missing character: There is no c in font nullfont!
Missing character: There is no o in font nullfont!
Missing character: There is no l in font nullfont!
Missing character: There is no o in font nullfont!
Missing character: There is no r in font nullfont!
! You can't use `macro parameter character #' in horizontal mode.
l.70 ...eOptionX{maincolor}{\colorlet{maincolor}{#
                                                  1}}
? 
Missing character: There is no 1 in font nullfont!
! Undefined control sequence.
l.71 \DeclareOptionX
                    {sidecolor}{\colorlet{sidecolor}{#1}}
? 
Missing character: There is no s in font nullfont!
Missing character: There is no i in font nullfont!
Missing character: There is no d in font nullfont!
Missing character: There is no e in font nullfont!
Missing character: There is no c in font nullfont!
Missing character: There is no o in font nullfont!
Missing character: There is no l in font nullfont!
Missing character: There is no o in font nullfont!
Missing character: There is no r in font nullfont!
! Undefined control sequence.
l.71 \DeclareOptionX{sidecolor}{\colorlet
                                         {sidecolor}{#1}}
? 
Missing character: There is no s in font nullfont!
Missing character: There is no i in font nullfont!
Missing character: There is no d in font nullfont!
Missing character: There is no e in font nullfont!
Missing character: There is no c in font nullfont!
Missing character: There is no o in font nullfont!
Missing character: There is no l in font nullfont!
Missing character: There is no o in font nullfont!
Missing character: There is no r in font nullfont!
! You can't use `macro parameter character #' in horizontal mode.
l.71 ...eOptionX{sidecolor}{\colorlet{sidecolor}{#
                                                  1}}
? 
Missing character: There is no 1 in font nullfont!
! Undefined control sequence.
l.72 \DeclareOptionX
                    {sectioncolor}{\colorlet{sectioncolor}{#1}}
? 
Missing character: There is no s in font nullfont!
Missing character: There is no e in font nullfont!
Missing character: There is no c in font nullfont!
Missing character: There is no t in font nullfont!
Missing character: There is no i in font nullfont!
Missing character: There is no o in font nullfont!
Missing character: There is no n in font nullfont!
Missing character: There is no c in font nullfont!
Missing character: There is no o in font nullfont!
Missing character: There is no l in font nullfont!
Missing character: There is no o in font nullfont!
Missing character: There is no r in font nullfont!
! Undefined control sequence.
l.72 \DeclareOptionX{sectioncolor}{\colorlet
                                            {sectioncolor}{#1}}
? 
Missing character: There is no s in font nullfont!
Missing character: There is no e in font nullfont!
Missing character: There is no c in font nullfont!
Missing character: There is no t in font nullfont!
Missing character: There is no i in font nullfont!
Missing character: There is no o in font nullfont!
Missing character: There is no n in font nullfont!
Missing character: There is no c in font nullfont!
Missing character: There is no o in font nullfont!
Missing character: There is no l in font nullfont!
Missing character: There is no o in font nullfont!
Missing character: There is no r in font nullfont!
! You can't use `macro parameter character #' in horizontal mode.
l.72 ...nX{sectioncolor}{\colorlet{sectioncolor}{#
                                                  1}}
? 
Missing character: There is no 1 in font nullfont!
! Undefined control sequence.
l.73 \DeclareOptionX
                    {subsectioncolor}{\colorlet{subsectioncolor}{#1}}
? 
Missing character: There is no s in font nullfont!
Missing character: There is no u in font nullfont!
Missing character: There is no b in font nullfont!
Missing character: There is no s in font nullfont!
Missing character: There is no e in font nullfont!
Missing character: There is no c in font nullfont!
Missing character: There is no t in font nullfont!
Missing character: There is no i in font nullfont!
Missing character: There is no o in font nullfont!
Missing character: There is no n in font nullfont!
Missing character: There is no c in font nullfont!
Missing character: There is no o in font nullfont!
Missing character: There is no l in font nullfont!
Missing character: There is no o in font nullfont!
Missing character: There is no r in font nullfont!
! Undefined control sequence.
l.73 \DeclareOptionX{subsectioncolor}{\colorlet
                                               {subsectioncolor}{#1}}
? 
Missing character: There is no s in font nullfont!
Missing character: There is no u in font nullfont!
Missing character: There is no b in font nullfont!
Missing character: There is no s in font nullfont!
Missing character: There is no e in font nullfont!
Missing character: There is no c in font nullfont!
Missing character: There is no t in font nullfont!
Missing character: There is no i in font nullfont!
Missing character: There is no o in font nullfont!
Missing character: There is no n in font nullfont!
Missing character: There is no c in font nullfont!
Missing character: There is no o in font nullfont!
Missing character: There is no l in font nullfont!
Missing character: There is no o in font nullfont!
Missing character: There is no r in font nullfont!
! You can't use `macro parameter character #' in horizontal mode.
l.73 ...sectioncolor}{\colorlet{subsectioncolor}{#
                                                  1}}
? 
Missing character: There is no 1 in font nullfont!
! Undefined control sequence.
l.74 \DeclareOptionX
                    {itemtextcolor}{\colorlet{itemtextcolor}{#1}}
? 
Missing character: There is no i in font nullfont!
Missing character: There is no t in font nullfont!
Missing character: There is no e in font nullfont!
Missing character: There is no m in font nullfont!
Missing character: There is no t in font nullfont!
Missing character: There is no e in font nullfont!
Missing character: There is no x in font nullfont!
Missing character: There is no t in font nullfont!
Missing character: There is no c in font nullfont!
Missing character: There is no o in font nullfont!
Missing character: There is no l in font nullfont!
Missing character: There is no o in font nullfont!
Missing character: There is no r in font nullfont!
! Undefined control sequence.
l.74 \DeclareOptionX{itemtextcolor}{\colorlet
                                             {itemtextcolor}{#1}}
? 
Missing character: There is no i in font nullfont!
Missing character: There is no t in font nullfont!
Missing character: There is no e in font nullfont!
Missing character: There is no m in font nullfont!
Missing character: There is no t in font nullfont!
Missing character: There is no e in font nullfont!
Missing character: There is no x in font nullfont!
Missing character: There is no t in font nullfont!
Missing character: There is no c in font nullfont!
Missing character: There is no o in font nullfont!
Missing character: There is no l in font nullfont!
Missing character: There is no o in font nullfont!
Missing character: There is no r in font nullfont!
! You can't use `macro parameter character #' in horizontal mode.
l.74 ...{itemtextcolor}{\colorlet{itemtextcolor}{#
                                                  1}}
? 
Missing character: There is no 1 in font nullfont!

Overfull \hbox (20.0pt too wide) in paragraph at lines 56--75
[]
 []

\sidebarwidth=\skip44
\topbottommargin=\skip45
\leftrightmargin=\skip46
\sidebartextwidth=\skip47
! Undefined control sequence.
l.86 \DeclareOptionX
                    {sidebarwidth}{\setlength{\sidebarwidth}{#1}}
? 

! LaTeX Error: Missing \begin{document}.

See the LaTeX manual or LaTeX Companion for explanation.
Type  H <return>  for immediate help.
 ...                                              
                                                  
l.86 \DeclareOptionX{s
                      idebarwidth}{\setlength{\sidebarwidth}{#1}}
? 
Missing character: There is no s in font nullfont!
Missing character: There is no i in font nullfont!
Missing character: There is no d in font nullfont!
Missing character: There is no e in font nullfont!
Missing character: There is no b in font nullfont!
Missing character: There is no a in font nullfont!
Missing character: There is no r in font nullfont!
Missing character: There is no w in font nullfont!
Missing character: There is no i in font nullfont!
Missing character: There is no d in font nullfont!
Missing character: There is no t in font nullfont!
Missing character: There is no h in font nullfont!
! Missing number, treated as zero.
<to be read again> 
                   ##
l.86 ...idebarwidth}{\setlength{\sidebarwidth}{#1}
                                                  }
? 
! Illegal unit of measure (pt inserted).
<to be read again> 
                   ##
l.86 ...idebarwidth}{\setlength{\sidebarwidth}{#1}
                                                  }
? 
! Illegal parameter number in definition of \calc@next.
<to be read again> 
                   }
l.86 ...idebarwidth}{\setlength{\sidebarwidth}{#1}
                                                  }
? 

! Illegal parameter number in definition of  .
<to be read again> 
                   '
l.86 ...idebarwidth}{\setlength{\sidebarwidth}{#1}
                                                  }
? 
! Package calc Error: `##' invalid at this point.

See the calc package documentation for explanation.
Type  H <return>  for immediate help.
 ...                                              
                                                  
l.86 ...idebarwidth}{\setlength{\sidebarwidth}{#1}
                                                  }
? 
Missing character: There is no 1 in font nullfont!
Missing character: There is no ! in font nullfont!
! Extra }, or forgotten \endgroup.
l.86 ...debarwidth}{\setlength{\sidebarwidth}{#1}}
                                                  
? 
! Undefined control sequence.
l.87 \DeclareOptionX
                    {topbottommargin}{\setlength{\topbottommargin}{#1}}
? 
Missing character: There is no t in font nullfont!
Missing character: There is no o in font nullfont!
Missing character: There is no p in font nullfont!
Missing character: There is no b in font nullfont!
Missing character: There is no o in font nullfont!
Missing character: There is no t in font nullfont!
Missing character: There is no t in font nullfont!
Missing character: There is no o in font nullfont!
Missing character: There is no m in font nullfont!
Missing character: There is no m in font nullfont!
Missing character: There is no a in font nullfont!
Missing character: There is no r in font nullfont!
Missing character: There is no g in font nullfont!
Missing character: There is no i in font nullfont!
Missing character: There is no n in font nullfont!
! Missing number, treated as zero.
<to be read again> 
                   ##
l.87 ...ommargin}{\setlength{\topbottommargin}{#1}
                                                  }
? 
! Illegal unit of measure (pt inserted).
<to be read again> 
                   ##
l.87 ...ommargin}{\setlength{\topbottommargin}{#1}
                                                  }
? 
! Illegal parameter number in definition of \calc@next.
<to be read again> 
                   }
l.87 ...ommargin}{\setlength{\topbottommargin}{#1}
                                                  }
? 

! Illegal parameter number in definition of  .
<to be read again> 
                   '
l.87 ...ommargin}{\setlength{\topbottommargin}{#1}
                                                  }
? 
! Package calc Error: `##' invalid at this point.

See the calc package documentation for explanation.
Type  H <return>  for immediate help.
 ...                                              
                                                  
l.87 ...ommargin}{\setlength{\topbottommargin}{#1}
                                                  }
? 
Missing character: There is no 1 in font nullfont!
Missing character: There is no ! in font nullfont!
! Extra }, or forgotten \endgroup.
l.87 ...mmargin}{\setlength{\topbottommargin}{#1}}
                                                  
? 
! Undefined control sequence.
l.88 \DeclareOptionX
                    {leftrightmargin}{\setlength{\leftrightmargin}{#1}}
? 
Missing character: There is no l in font nullfont!
Missing character: There is no e in font nullfont!
Missing character: There is no f in font nullfont!
Missing character: There is no t in font nullfont!
Missing character: There is no r in font nullfont!
Missing character: There is no i in font nullfont!
Missing character: There is no g in font nullfont!
Missing character: There is no h in font nullfont!
Missing character: There is no t in font nullfont!
Missing character: There is no m in font nullfont!
Missing character: There is no a in font nullfont!
Missing character: There is no r in font nullfont!
Missing character: There is no g in font nullfont!
Missing character: There is no i in font nullfont!
Missing character: There is no n in font nullfont!
! Missing number, treated as zero.
<to be read again> 
                   ##
l.88 ...htmargin}{\setlength{\leftrightmargin}{#1}
                                                  }
? 
! Illegal unit of measure (pt inserted).
<to be read again> 
                   ##
l.88 ...htmargin}{\setlength{\leftrightmargin}{#1}
                                                  }
? 
! Illegal parameter number in definition of \calc@next.
<to be read again> 
                   }
l.88 ...htmargin}{\setlength{\leftrightmargin}{#1}
                                                  }
? 

! Illegal parameter number in definition of  .
<to be read again> 
                   '
l.88 ...htmargin}{\setlength{\leftrightmargin}{#1}
                                                  }
? 
! Package calc Error: `##' invalid at this point.

See the calc package documentation for explanation.
Type  H <return>  for immediate help.
 ...                                              
                                                  
l.88 ...htmargin}{\setlength{\leftrightmargin}{#1}
                                                  }
? 
Missing character: There is no 1 in font nullfont!
Missing character: There is no ! in font nullfont!
! Extra }, or forgotten \endgroup.
l.88 ...tmargin}{\setlength{\leftrightmargin}{#1}}
                                                  
? 

Overfull \hbox (20.0pt too wide) in paragraph at lines 86--89
[]
 []

\profilepicsize=\skip48
! Undefined control sequence.
l.93 \DeclareOptionX
                    {profilepicsize}{\setlength{\profilepicsize}{#1}}
? 

! LaTeX Error: Missing \begin{document}.

See the LaTeX manual or LaTeX Companion for explanation.
Type  H <return>  for immediate help.
 ...                                              
                                                  
l.93 \DeclareOptionX{p
                      rofilepicsize}{\setlength{\profilepicsize}{#1}}
? 
Missing character: There is no p in font nullfont!
Missing character: There is no r in font nullfont!
Missing character: There is no o in font nullfont!
Missing character: There is no f in font nullfont!
Missing character: There is no i in font nullfont!
Missing character: There is no l in font nullfont!
Missing character: There is no e in font nullfont!
Missing character: There is no p in font nullfont!
Missing character: There is no i in font nullfont!
Missing character: There is no c in font nullfont!
Missing character: There is no s in font nullfont!
Missing character: There is no i in font nullfont!
Missing character: There is no z in font nullfont!
Missing character: There is no e in font nullfont!
! Missing number, treated as zero.
<to be read again> 
                   ##
l.93 ...lepicsize}{\setlength{\profilepicsize}{#1}
                                                  }
? 
! Illegal unit of measure (pt inserted).
<to be read again> 
                   ##
l.93 ...lepicsize}{\setlength{\profilepicsize}{#1}
                                                  }
? 
! Illegal parameter number in definition of \calc@next.
<to be read again> 
                   }
l.93 ...lepicsize}{\setlength{\profilepicsize}{#1}
                                                  }
? 

! Illegal parameter number in definition of  .
<to be read again> 
                   '
l.93 ...lepicsize}{\setlength{\profilepicsize}{#1}
                                                  }
? 
! Package calc Error: `##' invalid at this point.

See the calc package documentation for explanation.
Type  H <return>  for immediate help.
 ...                                              
                                                  
l.93 ...lepicsize}{\setlength{\profilepicsize}{#1}
                                                  }
? 
Missing character: There is no 1 in font nullfont!
Missing character: There is no ! in font nullfont!
! Extra }, or forgotten \endgroup.
l.93 ...epicsize}{\setlength{\profilepicsize}{#1}}
                                                  
? 
! Undefined control sequence.
l.96 \DeclareOptionX
                    {profilepicborderwidth}{\setlength{\profilepicborderwidt...

? 
Missing character: There is no p in font nullfont!
Missing character: There is no r in font nullfont!
Missing character: There is no o in font nullfont!
Missing character: There is no f in font nullfont!
Missing character: There is no i in font nullfont!
Missing character: There is no l in font nullfont!
Missing character: There is no e in font nullfont!
Missing character: There is no p in font nullfont!
Missing character: There is no i in font nullfont!
Missing character: There is no c in font nullfont!
Missing character: There is no b in font nullfont!
Missing character: There is no o in font nullfont!
Missing character: There is no r in font nullfont!
Missing character: There is no d in font nullfont!
Missing character: There is no e in font nullfont!
Missing character: There is no r in font nullfont!
Missing character: There is no w in font nullfont!
Missing character: There is no i in font nullfont!
Missing character: There is no d in font nullfont!
Missing character: There is no t in font nullfont!
Missing character: There is no h in font nullfont!
! Missing number, treated as zero.
<to be read again> 
                   ##
l.96 ...th}{\setlength{\profilepicborderwidth}{#1}
                                                  }
? 
! Illegal unit of measure (pt inserted).
<to be read again> 
                   ##
l.96 ...th}{\setlength{\profilepicborderwidth}{#1}
                                                  }
? 
! Illegal parameter number in definition of \calc@next.
<to be read again> 
                   }
l.96 ...th}{\setlength{\profilepicborderwidth}{#1}
                                                  }
? 

! Illegal parameter number in definition of  .
<to be read again> 
                   '
l.96 ...th}{\setlength{\profilepicborderwidth}{#1}
                                                  }
? 
! Package calc Error: `##' invalid at this point.

See the calc package documentation for explanation.
Type  H <return>  for immediate help.
 ...                                              
                                                  
l.96 ...th}{\setlength{\profilepicborderwidth}{#1}
                                                  }
? 
Missing character: There is no 1 in font nullfont!
Missing character: There is no ! in font nullfont!
! Undefined control sequence.
<argument> \profilepicborderwidth 
                                  
l.96 ...th}{\setlength{\profilepicborderwidth}{#1}
                                                  }
? 
! Missing number, treated as zero.
<to be read again> 
                   }
l.96 ...h}{\setlength{\profilepicborderwidth}{#1}}
                                                  
? 
! Illegal unit of measure (pt inserted).
<to be read again> 
                   }
l.96 ...h}{\setlength{\profilepicborderwidth}{#1}}
                                                  
? 
! Extra }, or forgotten \endgroup.
<recently read> }
                 
l.96 ...h}{\setlength{\profilepicborderwidth}{#1}}
                                                  
? 
! Undefined control sequence.
l.98 \DeclareOptionX
                    {profilepicstyle}{\renewcommand{\profilepicstyle}{#1}}
? 
Missing character: There is no p in font nullfont!
Missing character: There is no r in font nullfont!
Missing character: There is no o in font nullfont!
Missing character: There is no f in font nullfont!
Missing character: There is no i in font nullfont!
Missing character: There is no l in font nullfont!
Missing character: There is no e in font nullfont!
Missing character: There is no p in font nullfont!
Missing character: There is no i in font nullfont!
Missing character: There is no c in font nullfont!
Missing character: There is no s in font nullfont!
Missing character: There is no t in font nullfont!
Missing character: There is no y in font nullfont!
Missing character: There is no l in font nullfont!
Missing character: There is no e in font nullfont!
! Illegal parameter number in definition of \profilepicstyle.
<to be read again> 
                   1
l.98 ...style}{\renewcommand{\profilepicstyle}{#1}
                                                  }
? 
! Undefined control sequence.
l.100 \DeclareOptionX
                     {profilepiczoom}{\renewcommand{\profilepiczoom}{#1}}
? 
Missing character: There is no p in font nullfont!
Missing character: There is no r in font nullfont!
Missing character: There is no o in font nullfont!
Missing character: There is no f in font nullfont!
Missing character: There is no i in font nullfont!
Missing character: There is no l in font nullfont!
Missing character: There is no e in font nullfont!
Missing character: There is no p in font nullfont!
Missing character: There is no i in font nullfont!
Missing character: There is no c in font nullfont!
Missing character: There is no z in font nullfont!
Missing character: There is no o in font nullfont!
Missing character: There is no o in font nullfont!
Missing character: There is no m in font nullfont!
! Illegal parameter number in definition of \profilepiczoom.
<to be read again> 
                   1
l.100 ...czoom}{\renewcommand{\profilepiczoom}{#1}
                                                  }
? 
\profilepicxshift=\skip49
! Undefined control sequence.
l.103 \DeclareOptionX
                     {profilepicxshift}{\setlength{\profilepicxshift}{#1}}
? 
Missing character: There is no p in font nullfont!
Missing character: There is no r in font nullfont!
Missing character: There is no o in font nullfont!
Missing character: There is no f in font nullfont!
Missing character: There is no i in font nullfont!
Missing character: There is no l in font nullfont!
Missing character: There is no e in font nullfont!
Missing character: There is no p in font nullfont!
Missing character: There is no i in font nullfont!
Missing character: There is no c in font nullfont!
Missing character: There is no x in font nullfont!
Missing character: There is no s in font nullfont!
Missing character: There is no h in font nullfont!
Missing character: There is no i in font nullfont!
Missing character: There is no f in font nullfont!
Missing character: There is no t in font nullfont!
! Missing number, treated as zero.
<to be read again> 
                   ##
l.103 ...xshift}{\setlength{\profilepicxshift}{#1}
                                                  }
? 
! Illegal unit of measure (pt inserted).
<to be read again> 
                   ##
l.103 ...xshift}{\setlength{\profilepicxshift}{#1}
                                                  }
? 
! Illegal parameter number in definition of \calc@next.
<to be read again> 
                   }
l.103 ...xshift}{\setlength{\profilepicxshift}{#1}
                                                  }
? 

! Illegal parameter number in definition of  .
<to be read again> 
                   '
l.103 ...xshift}{\setlength{\profilepicxshift}{#1}
                                                  }
? 
! Package calc Error: `##' invalid at this point.

See the calc package documentation for explanation.
Type  H <return>  for immediate help.
 ...                                              
                                                  
l.103 ...xshift}{\setlength{\profilepicxshift}{#1}
                                                  }
? 
Missing character: There is no 1 in font nullfont!
Missing character: There is no ! in font nullfont!
! Extra }, or forgotten \endgroup.
l.103 ...shift}{\setlength{\profilepicxshift}{#1}}
                                                  
? 
\profilepicyshift=\skip50
! Undefined control sequence.
l.106 \DeclareOptionX
                     {profilepicyshift}{\setlength{\profilepicyshift}{#1}}
? 
Missing character: There is no p in font nullfont!
Missing character: There is no r in font nullfont!
Missing character: There is no o in font nullfont!
Missing character: There is no f in font nullfont!
Missing character: There is no i in font nullfont!
Missing character: There is no l in font nullfont!
Missing character: There is no e in font nullfont!
Missing character: There is no p in font nullfont!
Missing character: There is no i in font nullfont!
Missing character: There is no c in font nullfont!
Missing character: There is no y in font nullfont!
Missing character: There is no s in font nullfont!
Missing character: There is no h in font nullfont!
Missing character: There is no i in font nullfont!
Missing character: There is no f in font nullfont!
Missing character: There is no t in font nullfont!
! Missing number, treated as zero.
<to be read again> 
                   ##
l.106 ...yshift}{\setlength{\profilepicyshift}{#1}
                                                  }
? 
! Illegal unit of measure (pt inserted).
<to be read again> 
                   ##
l.106 ...yshift}{\setlength{\profilepicyshift}{#1}
                                                  }
? 
! Illegal parameter number in definition of \calc@next.
<to be read again> 
                   }
l.106 ...yshift}{\setlength{\profilepicyshift}{#1}
                                                  }
? 

! Illegal parameter number in definition of  .
<to be read again> 
                   '
l.106 ...yshift}{\setlength{\profilepicyshift}{#1}
                                                  }
? 
! Package calc Error: `##' invalid at this point.

See the calc package documentation for explanation.
Type  H <return>  for immediate help.
 ...                                              
                                                  
l.106 ...yshift}{\setlength{\profilepicyshift}{#1}
                                                  }
? 
Missing character: There is no 1 in font nullfont!
Missing character: There is no ! in font nullfont!
! Extra }, or forgotten \endgroup.
l.106 ...shift}{\setlength{\profilepicyshift}{#1}}
                                                  
? 
\profilepicrounding=\skip51
! Undefined control sequence.
l.109 \DeclareOptionX
                     {profilepicrounding}{\setlength{\profilepicrounding}{#1}}
? 
Missing character: There is no p in font nullfont!
Missing character: There is no r in font nullfont!
Missing character: There is no o in font nullfont!
Missing character: There is no f in font nullfont!
Missing character: There is no i in font nullfont!
Missing character: There is no l in font nullfont!
Missing character: There is no e in font nullfont!
Missing character: There is no p in font nullfont!
Missing character: There is no i in font nullfont!
Missing character: There is no c in font nullfont!
Missing character: There is no r in font nullfont!
Missing character: There is no o in font nullfont!
Missing character: There is no u in font nullfont!
Missing character: There is no n in font nullfont!
Missing character: There is no d in font nullfont!
Missing character: There is no i in font nullfont!
Missing character: There is no n in font nullfont!
Missing character: There is no g in font nullfont!
! Missing number, treated as zero.
<to be read again> 
                   ##
l.109 ...ding}{\setlength{\profilepicrounding}{#1}
                                                  }
? 
! Illegal unit of measure (pt inserted).
<to be read again> 
                   ##
l.109 ...ding}{\setlength{\profilepicrounding}{#1}
                                                  }
? 
! Illegal parameter number in definition of \calc@next.
<to be read again> 
                   }
l.109 ...ding}{\setlength{\profilepicrounding}{#1}
                                                  }
? 

! Illegal parameter number in definition of  .
<to be read again> 
                   '
l.109 ...ding}{\setlength{\profilepicrounding}{#1}
                                                  }
? 
! Package calc Error: `##' invalid at this point.

See the calc package documentation for explanation.
Type  H <return>  for immediate help.
 ...                                              
                                                  
l.109 ...ding}{\setlength{\profilepicrounding}{#1}
                                                  }
? 
Missing character: There is no 1 in font nullfont!
Missing character: There is no ! in font nullfont!
! Extra }, or forgotten \endgroup.
l.109 ...ing}{\setlength{\profilepicrounding}{#1}}
                                                  
? 

Overfull \hbox (20.0pt too wide) in paragraph at lines 93--110
[]
 []

! Undefined control sequence.
l.113 \DeclareOptionX
                     {sidebarplacement}{\renewcommand{\sidebarplacement}{#1}}
? 

! LaTeX Error: Missing \begin{document}.

See the LaTeX manual or LaTeX Companion for explanation.
Type  H <return>  for immediate help.
 ...                                              
                                                  
l.113 \DeclareOptionX{s
                       idebarplacement}{\renewcommand{\sidebarplacement}{#1}}
? 
Missing character: There is no s in font nullfont!
Missing character: There is no i in font nullfont!
Missing character: There is no d in font nullfont!
Missing character: There is no e in font nullfont!
Missing character: There is no b in font nullfont!
Missing character: There is no a in font nullfont!
Missing character: There is no r in font nullfont!
Missing character: There is no p in font nullfont!
Missing character: There is no l in font nullfont!
Missing character: There is no a in font nullfont!
Missing character: There is no c in font nullfont!
Missing character: There is no e in font nullfont!
Missing character: There is no m in font nullfont!
Missing character: There is no e in font nullfont!
Missing character: There is no n in font nullfont!
Missing character: There is no t in font nullfont!
! Illegal parameter number in definition of \sidebarplacement.
<to be read again> 
                   1
l.113 ...ent}{\renewcommand{\sidebarplacement}{#1}
                                                  }
? 

Overfull \hbox (20.0pt too wide) in paragraph at lines 113--114
[] 
 []

\logowidth=\skip52
! Undefined control sequence.
l.118 \DeclareOptionX
                     {logowidth}{\setlength{\logowidth}{#1}}
? 

! LaTeX Error: Missing \begin{document}.

See the LaTeX manual or LaTeX Companion for explanation.
Type  H <return>  for immediate help.
 ...                                              
                                                  
l.118 \DeclareOptionX{l
                       ogowidth}{\setlength{\logowidth}{#1}}
? 
Missing character: There is no l in font nullfont!
Missing character: There is no o in font nullfont!
Missing character: There is no g in font nullfont!
Missing character: There is no o in font nullfont!
Missing character: There is no w in font nullfont!
Missing character: There is no i in font nullfont!
Missing character: There is no d in font nullfont!
Missing character: There is no t in font nullfont!
Missing character: There is no h in font nullfont!
! Missing number, treated as zero.
<to be read again> 
                   ##
l.118 ...onX{logowidth}{\setlength{\logowidth}{#1}
                                                  }
? 
! Illegal unit of measure (pt inserted).
<to be read again> 
                   ##
l.118 ...onX{logowidth}{\setlength{\logowidth}{#1}
                                                  }
? 
! Illegal parameter number in definition of \calc@next.
<to be read again> 
                   }
l.118 ...onX{logowidth}{\setlength{\logowidth}{#1}
                                                  }
? 

! Illegal parameter number in definition of  .
<to be read again> 
                   '
l.118 ...onX{logowidth}{\setlength{\logowidth}{#1}
                                                  }
? 
! Package calc Error: `##' invalid at this point.

See the calc package documentation for explanation.
Type  H <return>  for immediate help.
 ...                                              
                                                  
l.118 ...onX{logowidth}{\setlength{\logowidth}{#1}
                                                  }
? 
Missing character: There is no 1 in font nullfont!
Missing character: There is no ! in font nullfont!
! Extra }, or forgotten \endgroup.
l.118 ...nX{logowidth}{\setlength{\logowidth}{#1}}
                                                  
? 
\logospace=\skip53
! Undefined control sequence.
l.120 \DeclareOptionX
                     {logospace}{\setlength{\logospace}{#1}}
? 
Missing character: There is no l in font nullfont!
Missing character: There is no o in font nullfont!
Missing character: There is no g in font nullfont!
Missing character: There is no o in font nullfont!
Missing character: There is no s in font nullfont!
Missing character: There is no p in font nullfont!
Missing character: There is no a in font nullfont!
Missing character: There is no c in font nullfont!
Missing character: There is no e in font nullfont!
! Missing number, treated as zero.
<to be read again> 
                   ##
l.120 ...onX{logospace}{\setlength{\logospace}{#1}
                                                  }
? 
! Illegal unit of measure (pt inserted).
<to be read again> 
                   ##
l.120 ...onX{logospace}{\setlength{\logospace}{#1}
                                                  }
? 
! Illegal parameter number in definition of \calc@next.
<to be read again> 
                   }
l.120 ...onX{logospace}{\setlength{\logospace}{#1}
                                                  }
? 

! Illegal parameter number in definition of  .
<to be read again> 
                   '
l.120 ...onX{logospace}{\setlength{\logospace}{#1}
                                                  }
? 
! Package calc Error: `##' invalid at this point.

See the calc package documentation for explanation.
Type  H <return>  for immediate help.
 ...                                              
                                                  
l.120 ...onX{logospace}{\setlength{\logospace}{#1}
                                                  }
? 
Missing character: There is no 1 in font nullfont!
Missing character: There is no ! in font nullfont!
! Extra }, or forgotten \endgroup.
l.120 ...nX{logospace}{\setlength{\logospace}{#1}}
                                                  
? 
! Undefined control sequence.
l.122 \DeclareOptionX
                     {logoposition}{\renewcommand{\logoposition}{#1}}
? 
Missing character: There is no l in font nullfont!
Missing character: There is no o in font nullfont!
Missing character: There is no g in font nullfont!
Missing character: There is no o in font nullfont!
Missing character: There is no p in font nullfont!
Missing character: There is no o in font nullfont!
Missing character: There is no s in font nullfont!
Missing character: There is no i in font nullfont!
Missing character: There is no t in font nullfont!
Missing character: There is no i in font nullfont!
Missing character: There is no o in font nullfont!
Missing character: There is no n in font nullfont!
! Illegal parameter number in definition of \logoposition.
<to be read again> 
                   1
l.122 ...osition}{\renewcommand{\logoposition}{#1}
                                                  }
? 

Overfull \hbox (20.0pt too wide) in paragraph at lines 118--123
[]
 []

! Undefined control sequence.
l.125 \newtoggle
                {tshowframes}
? 

! LaTeX Error: Missing \begin{document}.

See the LaTeX manual or LaTeX Companion for explanation.
Type  H <return>  for immediate help.
 ...                                              
                                                  
l.125 \newtoggle{t
                  showframes}
? 
Missing character: There is no t in font nullfont!
Missing character: There is no s in font nullfont!
Missing character: There is no h in font nullfont!
Missing character: There is no o in font nullfont!
Missing character: There is no w in font nullfont!
Missing character: There is no f in font nullfont!
Missing character: There is no r in font nullfont!
Missing character: There is no a in font nullfont!
Missing character: There is no m in font nullfont!
Missing character: There is no e in font nullfont!
Missing character: There is no s in font nullfont!
! Undefined control sequence.
l.126 \togglefalse
                  {tshowframes}
? 
Missing character: There is no t in font nullfont!
Missing character: There is no s in font nullfont!
Missing character: There is no h in font nullfont!
Missing character: There is no o in font nullfont!
Missing character: There is no w in font nullfont!
Missing character: There is no f in font nullfont!
Missing character: There is no r in font nullfont!
Missing character: There is no a in font nullfont!
Missing character: There is no m in font nullfont!
Missing character: There is no e in font nullfont!
Missing character: There is no s in font nullfont!
! Undefined control sequence.
l.127 \DeclareOptionX
                     {showframes}{
? 
Missing character: There is no s in font nullfont!
Missing character: There is no h in font nullfont!
Missing character: There is no o in font nullfont!
Missing character: There is no w in font nullfont!
Missing character: There is no f in font nullfont!
Missing character: There is no r in font nullfont!
Missing character: There is no a in font nullfont!
Missing character: There is no m in font nullfont!
Missing character: There is no e in font nullfont!
Missing character: There is no s in font nullfont!
! Undefined control sequence.
l.129 	\TPoptions
                 {showboxes=true}
? 
Missing character: There is no s in font nullfont!
Missing character: There is no h in font nullfont!
Missing character: There is no o in font nullfont!
Missing character: There is no w in font nullfont!
Missing character: There is no b in font nullfont!
Missing character: There is no o in font nullfont!
Missing character: There is no x in font nullfont!
Missing character: There is no e in font nullfont!
Missing character: There is no s in font nullfont!
Missing character: There is no = in font nullfont!
Missing character: There is no t in font nullfont!
Missing character: There is no r in font nullfont!
Missing character: There is no u in font nullfont!
Missing character: There is no e in font nullfont!
! Undefined control sequence.
l.130 	\toggletrue
                  {tshowframes}
? 
Missing character: There is no t in font nullfont!
Missing character: There is no s in font nullfont!
Missing character: There is no h in font nullfont!
Missing character: There is no o in font nullfont!
Missing character: There is no w in font nullfont!
Missing character: There is no f in font nullfont!
Missing character: There is no r in font nullfont!
Missing character: There is no a in font nullfont!
Missing character: There is no m in font nullfont!
Missing character: There is no e in font nullfont!
Missing character: There is no s in font nullfont!

Overfull \hbox (20.0pt too wide) in paragraph at lines 125--134
[]
 []

! Undefined control sequence.
l.137 \DeclareOptionX
                     {vline}{%
? 

! LaTeX Error: Missing \begin{document}.

See the LaTeX manual or LaTeX Companion for explanation.
Type  H <return>  for immediate help.
 ...                                              
                                                  
l.137 \DeclareOptionX{v
                       line}{%
? 
Missing character: There is no v in font nullfont!
Missing character: There is no l in font nullfont!
Missing character: There is no i in font nullfont!
Missing character: There is no n in font nullfont!
Missing character: There is no e in font nullfont!
! Illegal parameter number in definition of \plotvline.
<to be read again> 
                   1
l.143 	}
        
? 
! Illegal parameter number in definition of \plotvline.
<to be read again> 
                   1
l.143 	}
        
? 

Overfull \hbox (20.0pt too wide) in paragraph at lines 137--145
[]
 []

! Undefined control sequence.
l.147 \DeclareOptionX
                     *{\PassOptionsToClass{\CurrentOption}{article}}
? 

! LaTeX Error: Missing \begin{document}.

See the LaTeX manual or LaTeX Companion for explanation.
Type  H <return>  for immediate help.
 ...                                              
                                                  
l.147 \DeclareOptionX*
                      {\PassOptionsToClass{\CurrentOption}{article}}
? 
Missing character: There is no * in font nullfont!
! Undefined control sequence.
\CurrentOption ->\@nil 
                       
l.147 ...ssOptionsToClass{\CurrentOption}{article}
                                                  }
? 
! Undefined control sequence.
l.148 \ProcessOptionsX
                      \relax
? 
(/usr/share/texlive/texmf-dist/tex/latex/base/article.cls
Document Class: article 2018/09/03 v1.4i Standard LaTeX document class
(/usr/share/texlive/texmf-dist/tex/latex/base/size10.clo
File: size10.clo 2018/09/03 v1.4i Standard LaTeX file (size option)
)
\c@part=\count86
\c@section=\count87
\c@subsection=\count88
\c@subsubsection=\count89
\c@paragraph=\count90
\c@subparagraph=\count91

Overfull \hbox (20.0pt too wide) in paragraph at lines 147--274
[]
 []

\c@figure=\count92
\c@table=\count93
\abovecaptionskip=\skip54
\belowcaptionskip=\skip55
\bibindent=\dimen112
[1{/var/lib/texmf/fonts/map/pdftex/updmap/pdftex.map}])

! LaTeX Error: File `eso-pic.sty' not found.

Type X to quit or <RETURN> to proceed,
or enter new name. (Default extension: sty)

Enter file name: 

! LaTeX Error: Unknown option `texcoord' for package `eso-pic'.

See the LaTeX manual or LaTeX Companion for explanation.
Type  H <return>  for immediate help.
 ...                                              
                                                  
l.179 
      
? 

! LaTeX Error: File `titlesec.sty' not found.

Type X to quit or <RETURN> to proceed,
or enter new name. (Default extension: sty)

Enter file name: 

! LaTeX Error: File `graphbox.sty' not found.

Type X to quit or <RETURN> to proceed,
or enter new name. (Default extension: sty)

Enter file name: 
(/usr/share/texlive/texmf-dist/tex/latex/tools/tabularx.sty
Package: tabularx 2016/02/03 v2.11b `tabularx' package (DPC)

(/usr/share/texlive/texmf-dist/tex/latex/tools/array.sty
Package: array 2018/12/30 v2.4k Tabular extension package (FMi)
\col@sep=\dimen113
\ar@mcellbox=\box27
\extrarowheight=\dimen114
\NC@list=\toks16
\extratabsurround=\skip56
\backup@length=\skip57
\ar@cellbox=\box28
)
\TX@col@width=\dimen115
\TX@old@table=\dimen116
\TX@old@col=\dimen117
\TX@target=\dimen118
\TX@delta=\dimen119
\TX@cols=\count94
\TX@ftn=\toks17
)
(/usr/share/texlive/texmf-dist/tex/generic/oberdiek/ifluatex.sty
Package: ifluatex 2016/05/16 v1.4 Provides the ifluatex switch (HO)
Package ifluatex Info: LuaTeX not detected.
)

! LaTeX Error: File `fontawesome.sty' not found.

Type X to quit or <RETURN> to proceed,
or enter new name. (Default extension: sty)

Enter file name: 

! LaTeX Error: File `tikz.sty' not found.

Type X to quit or <RETURN> to proceed,
or enter new name. (Default extension: sty)

Enter file name: 
! Undefined control sequence.
<recently read> \usetikzlibrary 
                                
l.211 \usetikzlibrary
                     {arrows, backgrounds}
? 

! LaTeX Error: Missing \begin{document}.

See the LaTeX manual or LaTeX Companion for explanation.
Type  H <return>  for immediate help.
 ...                                              
                                                  
l.211 \usetikzlibrary{a
                       rrows, backgrounds}
? 

! LaTeX Error: File `xhfill.sty' not found.

Type X to quit or <RETURN> to proceed,
or enter new name. (Default extension: sty)

Enter file name: 

! LaTeX Error: File `xparse.sty' not found.

Type X to quit or <RETURN> to proceed,
or enter new name. (Default extension: sty)

Enter file name: 
(/usr/share/texlive/texmf-dist/tex/latex/hyperref/hyperref.sty
Package: hyperref 2018/11/30 v6.88e Hypertext links for LaTeX

(/usr/share/texlive/texmf-dist/tex/generic/oberdiek/hobsub-hyperref.sty
Package: hobsub-hyperref 2016/05/16 v1.14 Bundle oberdiek, subset hyperref (HO)


(/usr/share/texlive/texmf-dist/tex/generic/oberdiek/hobsub-generic.sty
Package: hobsub-generic 2016/05/16 v1.14 Bundle oberdiek, subset generic (HO)
Package: hobsub 2016/05/16 v1.14 Construct package bundles (HO)
Package: infwarerr 2016/05/16 v1.4 Providing info/warning/error messages (HO)
Package: ltxcmds 2016/05/16 v1.23 LaTeX kernel commands for general use (HO)
Package hobsub Info: Skipping package `ifluatex' (already loaded).
Package hobsub Info: Skipping package `ifvtex' (already loaded).
Package: intcalc 2016/05/16 v1.2 Expandable calculations with integers (HO)
Package hobsub Info: Skipping package `ifpdf' (already loaded).
Package: etexcmds 2016/05/16 v1.6 Avoid name clashes with e-TeX commands (HO)
Package: kvsetkeys 2016/05/16 v1.17 Key value parser (HO)
Package: kvdefinekeys 2016/05/16 v1.4 Define keys (HO)
Package: pdftexcmds 2018/09/10 v0.29 Utility functions of pdfTeX for LuaTeX (HO
)
Package pdftexcmds Info: LuaTeX not detected.
Package pdftexcmds Info: \pdf@primitive is available.
Package pdftexcmds Info: \pdf@ifprimitive is available.
Package pdftexcmds Info: \pdfdraftmode found.
Package: pdfescape 2016/05/16 v1.14 Implements pdfTeX's escape features (HO)
Package: bigintcalc 2016/05/16 v1.4 Expandable calculations on big integers (HO
)
Package: bitset 2016/05/16 v1.2 Handle bit-vector datatype (HO)
Package: uniquecounter 2016/05/16 v1.3 Provide unlimited unique counter (HO)
)
Package hobsub Info: Skipping package `hobsub' (already loaded).
Package: letltxmacro 2016/05/16 v1.5 Let assignment for LaTeX macros (HO)
Package: hopatch 2016/05/16 v1.3 Wrapper for package hooks (HO)
Package: xcolor-patch 2016/05/16 xcolor patch
Package: atveryend 2016/05/16 v1.9 Hooks at the very end of document (HO)
Package atveryend Info: \enddocument detected (standard20110627).
Package: atbegshi 2016/06/09 v1.18 At begin shipout hook (HO)
Package: refcount 2016/05/16 v3.5 Data extraction from label references (HO)
Package: hycolor 2016/05/16 v1.8 Color options for hyperref/bookmark (HO)
)
(/usr/share/texlive/texmf-dist/tex/latex/oberdiek/auxhook.sty
Package: auxhook 2016/05/16 v1.4 Hooks for auxiliary files (HO)
)
(/usr/share/texlive/texmf-dist/tex/latex/oberdiek/kvoptions.sty
Package: kvoptions 2016/05/16 v3.12 Key value format for package options (HO)
)
\@linkdim=\dimen120
\Hy@linkcounter=\count95
\Hy@pagecounter=\count96

(/usr/share/texlive/texmf-dist/tex/latex/hyperref/pd1enc.def
File: pd1enc.def 2018/11/30 v6.88e Hyperref: PDFDocEncoding definition (HO)
Now handling font encoding PD1 ...
... no UTF-8 mapping file for font encoding PD1
)
\Hy@SavedSpaceFactor=\count97

(/usr/share/texlive/texmf-dist/tex/latex/latexconfig/hyperref.cfg
File: hyperref.cfg 2002/06/06 v1.2 hyperref configuration of TeXLive
)
Package hyperref Info: Hyper figures OFF on input line 4519.
Package hyperref Info: Link nesting OFF on input line 4524.
Package hyperref Info: Hyper index ON on input line 4527.
Package hyperref Info: Plain pages OFF on input line 4534.
Package hyperref Info: Backreferencing OFF on input line 4539.
Package hyperref Info: Implicit mode ON; LaTeX internals redefined.
Package hyperref Info: Bookmarks ON on input line 4772.
\c@Hy@tempcnt=\count98

(/usr/share/texlive/texmf-dist/tex/latex/url/url.sty
\Urlmuskip=\muskip10
Package: url 2013/09/16  ver 3.4  Verb mode for urls, etc.
)
LaTeX Info: Redefining \url on input line 5125.
\XeTeXLinkMargin=\dimen121
\Fld@menulength=\count99
\Field@Width=\dimen122
\Fld@charsize=\dimen123
Package hyperref Info: Hyper figures OFF on input line 6380.
Package hyperref Info: Link nesting OFF on input line 6385.
Package hyperref Info: Hyper index ON on input line 6388.
Package hyperref Info: backreferencing OFF on input line 6395.
Package hyperref Info: Link coloring OFF on input line 6400.
Package hyperref Info: Link coloring with OCG OFF on input line 6405.
Package hyperref Info: PDF/A mode OFF on input line 6410.
LaTeX Info: Redefining \ref on input line 6450.
LaTeX Info: Redefining \pageref on input line 6454.
\Hy@abspage=\count100
\c@Item=\count101
\c@Hfootnote=\count102
)
Package hyperref Info: Driver (autodetected): hpdftex.

(/usr/share/texlive/texmf-dist/tex/latex/hyperref/hpdftex.def
File: hpdftex.def 2018/11/30 v6.88e Hyperref driver for pdfTeX
\Fld@listcount=\count103
\c@bookmark@seq@number=\count104

(/usr/share/texlive/texmf-dist/tex/latex/oberdiek/rerunfilecheck.sty
Package: rerunfilecheck 2016/05/16 v1.8 Rerun checks for auxiliary files (HO)
Package uniquecounter Info: New unique counter `rerunfilecheck' on input line 2
82.
)
\Hy@SectionHShift=\skip58
)
! Undefined control sequence.
l.227 \colorlet
               {pseccolor}{maincolor!90}
? 

! LaTeX Error: Missing \begin{document}.

See the LaTeX manual or LaTeX Companion for explanation.
Type  H <return>  for immediate help.
 ...                                              
                                                  
l.227 \colorlet{p
                 seccolor}{maincolor!90}
? 
! Undefined control sequence.
l.229 \colorlet
               {iconcolor}{maincolor!90}
? 
! Undefined control sequence.
l.232 \colorlet
               {wheelchartlabelcolor}{black}
? 

! LaTeX Error: Missing \begin{document}.

See the LaTeX manual or LaTeX Companion for explanation.
Type  H <return>  for immediate help.
 ...                                              
                                                  
l.232 \colorlet{w
                 heelchartlabelcolor}{black}
? 
! Undefined control sequence.
l.233 \colorlet
               {wheeltextcolor}{black!80!white}
? 
! Undefined control sequence.
l.235 \colorlet
               {skillbg}{black!25}
? 
! Undefined control sequence.
l.257 \titleformat
                  {\section}%
? 

! LaTeX Error: Missing \begin{document}.

See the LaTeX manual or LaTeX Companion for explanation.
Type  H <return>  for immediate help.
 ...                                              
                                                  
l.257 \titleformat{\section
                           }%
? 
! Argument of \@xdblarg has an extra }.
<inserted text> 
                \par 
l.257 \titleformat{\section}
                            %
? 
Runaway argument?
! Paragraph ended before \@xdblarg was complete.
<to be read again> 
                   \par 
l.257 \titleformat{\section}
                            %
? 
! Undefined control sequence.
l.258 	{\color
              {sectioncolor}\normalfont\bfseries\LARGE}{}{0pt}{}
? 

! LaTeX Error: Missing \begin{document}.

See the LaTeX manual or LaTeX Companion for explanation.
Type  H <return>  for immediate help.
 ...                                              
                                                  
l.258 	{\color{s
                ectioncolor}\normalfont\bfseries\LARGE}{}{0pt}{}
? 
! Undefined control sequence.
l.259 \titlespacing
                   *{\section}{0pt}{1.5ex}{1ex}
? 
! Argument of \@xdblarg has an extra }.
<inserted text> 
                \par 
l.259 \titlespacing*{\section}
                              {0pt}{1.5ex}{1ex}
? 
Runaway argument?
! Paragraph ended before \@xdblarg was complete.
<to be read again> 
                   \par 
l.259 \titlespacing*{\section}
                              {0pt}{1.5ex}{1ex}
? 

! LaTeX Error: Missing \begin{document}.

See the LaTeX manual or LaTeX Companion for explanation.
Type  H <return>  for immediate help.
 ...                                              
                                                  
l.259 \titlespacing*{\section}{0
                                pt}{1.5ex}{1ex}
? 
! Undefined control sequence.
l.263 \titleformat
                  {\subsection}%
? 

! LaTeX Error: Missing \begin{document}.

See the LaTeX manual or LaTeX Companion for explanation.
Type  H <return>  for immediate help.
 ...                                              
                                                  
l.263 \titleformat{\subsection
                              }%
? 
! Argument of \@xdblarg has an extra }.
<inserted text> 
                \par 
l.263 \titleformat{\subsection}
                               %
? 
Runaway argument?
! Paragraph ended before \@xdblarg was complete.
<to be read again> 
                   \par 
l.263 \titleformat{\subsection}
                               %
? 
! Undefined control sequence.
l.264 	{\color
              {subsectioncolor}\normalfont\large}{}{0pt}{}
? 

! LaTeX Error: Missing \begin{document}.

See the LaTeX manual or LaTeX Companion for explanation.
Type  H <return>  for immediate help.
 ...                                              
                                                  
l.264 	{\color{s
                ubsectioncolor}\normalfont\large}{}{0pt}{}
? 
! Undefined control sequence.
l.268 \titleformat
                  {\subsubsection}
? 

! LaTeX Error: Missing \begin{document}.

See the LaTeX manual or LaTeX Companion for explanation.
Type  H <return>  for immediate help.
 ...                                              
                                                  
l.268 \titleformat{\subsubsection
                                 }
? 
! Argument of \@xdblarg has an extra }.
<inserted text> 
                \par 
l.268 \titleformat{\subsubsection}
                                  
? 
Runaway argument?
! Paragraph ended before \@xdblarg was complete.
<to be read again> 
                   \par 
l.268 \titleformat{\subsubsection}
                                  
? 
! Undefined control sequence.
l.269 	{\color
              {pseccolor}\normalfont\huge}{}{0pt}{\color{pseccolor}\sectionl...

? 

! LaTeX Error: Missing \begin{document}.

See the LaTeX manual or LaTeX Companion for explanation.
Type  H <return>  for immediate help.
 ...                                              
                                                  
l.269 	{\color{p
                seccolor}\normalfont\huge}{}{0pt}{\color{pseccolor}\sectionl...

? 
! Undefined control sequence.
l.269 ...pseccolor}\normalfont\huge}{}{0pt}{\color
                                                  {pseccolor}\sectionline}
? 
! Argument of \sectionline has an extra }.
<inserted text> 
                \par 
l.269 ...ge}{}{0pt}{\color{pseccolor}\sectionline}
                                                  
? 
Runaway argument?
! Paragraph ended before \sectionline was complete.
<to be read again> 
                   \par 
l.269 ...ge}{}{0pt}{\color{pseccolor}\sectionline}
                                                  
? 
! Undefined control sequence.
l.272 \titlespacing
                   *{\subsubsection}{0pt}{1ex}{1ex}
? 

! LaTeX Error: Missing \begin{document}.

See the LaTeX manual or LaTeX Companion for explanation.
Type  H <return>  for immediate help.
 ...                                              
                                                  
l.272 \titlespacing*
                    {\subsubsection}{0pt}{1ex}{1ex}
? 
! Argument of \@xdblarg has an extra }.
<inserted text> 
                \par 
l.272 \titlespacing*{\subsubsection}
                                    {0pt}{1ex}{1ex}
? 
Runaway argument?
! Paragraph ended before \@xdblarg was complete.
<to be read again> 
                   \par 
l.272 \titlespacing*{\subsubsection}
                                    {0pt}{1ex}{1ex}
? 

! LaTeX Error: Missing \begin{document}.

See the LaTeX manual or LaTeX Companion for explanation.
Type  H <return>  for immediate help.
 ...                                              
                                                  
l.272 \titlespacing*{\subsubsection}{0
                                      pt}{1ex}{1ex}
? 
! Undefined control sequence.
l.450 \NewDocumentCommand
                         {\pointskill}{ O{0em} m m m O{5} }{%
? 
! Undefined control sequence.
l.450 \NewDocumentCommand{\pointskill
                                     }{ O{0em} m m m O{5} }{%
? 

! LaTeX Error: Missing \begin{document}.

See the LaTeX manual or LaTeX Companion for explanation.
Type  H <return>  for immediate help.
 ...                                              
                                                  
l.450 \NewDocumentCommand{\pointskill}{ O
                                         {0em} m m m O{5} }{%
? 
! Missing number, treated as zero.
<to be read again> 
                   ##
l.451 	\hspace{#1}
                   \cvicon{#2} ~ #3 \hfill%
? 
! Illegal unit of measure (pt inserted).
<to be read again> 
                   ##
l.451 	\hspace{#1}
                   \cvicon{#2} ~ #3 \hfill%
? 
! You can't use `macro parameter character #' in horizontal mode.
<recently read> ##
                  
l.451 	\hspace{#1}
                   \cvicon{#2} ~ #3 \hfill%
? 
! Undefined control sequence.
<argument> \color 
                  {iconcolor} ##2
l.451 	\hspace{#1} \cvicon{#2}
                               ~ #3 \hfill%
? 
! You can't use `macro parameter character #' in restricted horizontal mode.
<argument> \color {iconcolor} ##
                                2
l.451 	\hspace{#1} \cvicon{#2}
                               ~ #3 \hfill%
? 
! You can't use `macro parameter character #' in horizontal mode.
l.451 	\hspace{#1} \cvicon{#2} ~ #
                                  3 \hfill%
? 
! Interruption.
<to be read again> 
                   3
l.451 	\hspace{#1} \cvicon{#2} ~ #3
                                    \hfill%
? ^^[[B
Type <return> to proceed, S to scroll future error messages,
R to run without stopping, Q to run quietly,
I to insert something, E to edit your file,
H for help, X to quit.
? x
 
Here is how much of TeX's memory you used:
 4846 strings out of 494561
 71915 string characters out of 6177455
 164124 words of memory out of 5000000
 8513 multiletter control sequences out of 15000+600000
 4852 words of font info for 18 fonts, out of 8000000 for 9000
 14 hyphenation exceptions out of 8191
 35i,4n,23p,206b,4246s stack positions out of 5000i,500n,10000p,200000b,80000s
</usr/share/texlive/texmf-dist/fonts/type1/public/amsfonts/cm/cmr10.pfb>
Output written on juarez-cv.pdf (1 page, 8175 bytes).
PDF statistics:
 12 PDF objects out of 1000 (max. 8388607)
 7 compressed objects within 1 object stream
 0 named destinations out of 1000 (max. 500000)
 1 words of extra memory for PDF output out of 10000 (max. 10000000)

