This is pdfTeX, Version 3.14159265-2.6-1.40.17 (TeX Live 2016/Arch Linux) (preloaded format=pdflatex 2017.3.19)  15 MAY 2017 18:47
entering extended mode
 restricted \write18 enabled.
 %&-line parsing enabled.
**frusciante.tex
(./frusciante.tex
LaTeX2e <2016/03/31> patch level 3
Babel <3.9r> and hyphenation patterns for 83 language(s) loaded.
(/usr/share/texmf-dist/tex/latex/memoir/memoir.cls
Document Class: memoir 2016/05/16 v3.7f configurable book, report, article docu
ment class
\onelineskip=\skip41
\lxvchars=\skip42
\xlvchars=\skip43
\@memcnta=\count79
\c@@memmarkcntra=\count80
(/usr/share/texmf-dist/tex/generic/oberdiek/ifpdf.sty
Package: ifpdf 2016/05/14 v3.1 Provides the ifpdf switch
)
(/usr/share/texmf-dist/tex/latex/ifetex/ifetex.sty
Package: ifetex 2011/12/15 v1.2 ifetex

(/usr/share/texmf-dist/tex/plain/ifetex/ifetex.tex))
(/usr/share/texmf-dist/tex/generic/ifxetex/ifxetex.sty
Package: ifxetex 2010/09/12 v0.6 Provides ifxetex conditional
)
(/usr/share/texmf-dist/tex/generic/oberdiek/ifluatex.sty
Package: ifluatex 2016/05/16 v1.4 Provides the ifluatex switch (HO)
Package ifluatex Info: LuaTeX not detected.
)
\stockheight=\skip44
\stockwidth=\skip45
\trimtop=\skip46
\trimedge=\skip47

(/usr/share/texmf-dist/tex/latex/memoir/mem10.clo
File: mem10.clo 2008/01/30 v0.3 memoir class 10pt size option
)
\binding=\skip48
\spinemargin=\skip49
\foremargin=\skip50
\uppermargin=\skip51
\lowermargin=\skip52
\headdrop=\skip53
\normalrulethickness=\skip54
\mem@maxheadheight=\skip55
\mem@maxfootheight=\skip56
\headwidth=\skip57
\c@storedpagenumber=\count81
\memPD=\dimen102
\m@mabparskip=\skip58
\thanksmarkwidth=\skip59
\thanksmarksep=\skip60
\droptitle=\skip61
\c@book=\count82
\c@part=\count83
\c@chapter=\count84
\c@section=\count85
\c@subsection=\count86
\c@subsubsection=\count87
\c@paragraph=\count88
\c@subparagraph=\count89
\beforechapskip=\skip62
\midchapskip=\skip63
\afterchapskip=\skip64
\chapindent=\skip65
\bottomsectionskip=\skip66
\secindent=\skip67
\beforesecskip=\skip68
\aftersecskip=\skip69
\subsecindent=\skip70
\beforesubsecskip=\skip71
\aftersubsecskip=\skip72
\subsubsecindent=\skip73
\beforesubsubsecskip=\skip74
\aftersubsubsecskip=\skip75
\paraindent=\skip76
\beforeparaskip=\skip77
\afterparaskip=\skip78
\subparaindent=\skip79
\beforesubparaskip=\skip80
\aftersubparaskip=\skip81
\pfbreakskip=\skip82
\c@@ppsavesec=\count90
\c@@ppsaveapp=\count91
\ragrparindent=\dimen103
\everylistparindent=\dimen104
\parsepi=\skip83
\topsepi=\skip84
\itemsepi=\skip85
\parsepii=\skip86
\topsepii=\skip87
\topsepiii=\skip88
\itemsepii=\skip89
\itemsepiii=\skip90
\partopsepii=\skip91
\partopsepiii=\skip92
\m@msavetopsep=\skip93
\m@msavepartopsep=\skip94
\@enLab=\toks14
\abstitleskip=\skip95
\absleftindent=\skip96
\abs@leftindent=\dimen105
\absrightindent=\skip97
\absparindent=\skip98
\absparsep=\skip99
\c@vslineno=\count92
\c@poemline=\count93
\c@modulo@vs=\count94
\c@memfvsline=\count95
\vleftskip=\skip100
\vrightskip=\skip101
\stanzaskip=\skip102
\versewidth=\skip103
\vgap=\skip104
\vindent=\skip105
\vleftmargin=\dimen106
\c@verse=\count96
\c@chrsinstr=\count97
\beforepoemtitleskip=\skip106
\afterpoemtitleskip=\skip107
\c@poem=\count98
\beforePoemTitleskip=\skip108
\midPoemTitleskip=\skip109
\afterPoemTitleskip=\skip110
\col@sep=\dimen107
\extrarowheight=\dimen108
\NC@list=\toks15
\extratabsurround=\skip111
\backup@length=\skip112
\TX@col@width=\dimen109
\TX@old@table=\dimen110
\TX@old@col=\dimen111
\TX@target=\dimen112
\TX@delta=\dimen113
\TX@cols=\count99
\TX@ftn=\toks16
\heavyrulewidth=\dimen114
\lightrulewidth=\dimen115
\cmidrulewidth=\dimen116
\belowrulesep=\dimen117
\belowbottomsep=\dimen118
\aboverulesep=\dimen119
\abovetopsep=\dimen120
\cmidrulesep=\dimen121
\cmidrulekern=\dimen122
\defaultaddspace=\dimen123
\@cmidla=\count100
\@cmidlb=\count101
\@aboverulesep=\dimen124
\@belowrulesep=\dimen125
\@thisruleclass=\count102
\@lastruleclass=\count103
\@thisrulewidth=\dimen126
\ctableftskip=\skip113
\ctabrightskip=\skip114
\abovecolumnspenalty=\count104
\@linestogo=\count105
\@cellstogo=\count106
\@cellsincolumn=\count107
\crtok=\toks17
\@mincolumnwidth=\dimen127
\c@newflo@tctr=\count108
\mem@margin@floatbox=\box26
\@contcwidth=\skip115
\@contindw=\skip116
\abovecaptionskip=\skip117
\belowcaptionskip=\skip118
\subfloattopskip=\skip119
\subfloatcapskip=\skip120
\subfloatcaptopadj=\skip121
\subfloatbottomskip=\skip122
\subfloatlabelskip=\skip123
\subfloatcapmargin=\dimen128
\c@@contsubnum=\count109
\m@mscap@capbox=\box27
\m@mscap@fbox=\box28
\sidecapsep=\dimen129
\sidecapwidth=\dimen130
\m@m@tempdima=\dimen131
\m@mscapraise=\dimen132
\sidecapraise=\dimen133
\m@mscapmainwidth=\dimen134
\m@mscaplkern=\dimen135
\beforeepigraphskip=\skip124
\afterepigraphskip=\skip125
\epigraphwidth=\skip126
\epigraphrule=\skip127
LaTeX Info: Redefining \em on input line 7551.
LaTeX Info: Redefining \emph on input line 7559.
\tocentryskip=\skip128
\tocbaseline=\skip129
\cftparskip=\skip130
\cftbeforebookskip=\skip131
\cftbookindent=\dimen136
\cftbooknumwidth=\dimen137
\cftbeforepartskip=\skip132
\cftpartindent=\skip133
\cftpartnumwidth=\skip134
\cftbeforechapterskip=\skip135
\cftchapterindent=\skip136
\cftchapternumwidth=\skip137
\cftbeforesectionskip=\skip138
\cftsectionindent=\skip139
\cftsectionnumwidth=\skip140
\cftbeforesubsectionskip=\skip141
\cftsubsectionindent=\skip142
\cftsubsectionnumwidth=\skip143
\cftbeforesubsubsectionskip=\skip144
\cftsubsubsectionindent=\skip145
\cftsubsubsectionnumwidth=\skip146
\cftbeforeparagraphskip=\skip147
\cftparagraphindent=\skip148
\cftparagraphnumwidth=\skip149
\cftbeforesubparagraphskip=\skip150
\cftsubparagraphindent=\skip151
\cftsubparagraphnumwidth=\skip152
\prechapterprecisshift=\dimen138
\c@maxsecnumdepth=\count110
\bibindent=\dimen139
\bibitemsep=\skip153
\indexcolsep=\skip154
\indexrule=\skip155
\indexmarkstyle=\toks18
\@indexbox=\insert199
\glossarycolsep=\dimen140
\glossaryrule=\dimen141
\sideparvshift=\skip156
\sideins=\insert198
\sidebartopsep=\skip157
\sidebarhsep=\skip158
\sidebarvsep=\skip159
\sidebarwidth=\skip160
\footmarkwidth=\skip161
\footmarksep=\skip162
\footparindent=\skip163
\footinsdim=\skip164
\footinsv@r=\insert197
\@mpfootinsv@r=\insert196
\m@m@k=\count111
\m@m@h=\dimen142
\m@mipn@skip=\skip165
\sidefootins=\insert195
\sidefootadjust=\skip166
\sidefootheight=\skip167
\sidefoothsep=\skip168
\sidefootvsep=\skip169
\sidefootwidth=\skip170
\m@mdownsf=\skip171
\c@sidefootnote=\count112
\sidefootmarkwidth=\skip172
\sidefootmarksep=\skip173
\sidefootparindent=\skip174
\c@pagenote=\count113
\c@pagenoteshadow=\count114
\mem@pn@lastkern=\skip175
\every@verbatim=\toks19
\afterevery@verbatim=\toks20
\verbatim@line=\toks21
\tab@position=\count115
\verbatim@in@stream=\read1
\verbatimindent=\skip176
\verbatim@out=\write3
\bvboxsep=\skip177
\c@memfbvline=\count116
\c@bvlinectr=\count117
\bvnumlength=\skip178
\fb@frw=\dimen143
\fb@frh=\dimen144
\FrameRule=\dimen145
\FrameSep=\dimen146
\c@cp@cntr=\count118
LaTeX Info: Redefining \: on input line 12068.
LaTeX Info: Redefining \! on input line 12070.
\c@ism@mctr=\count119
\c@xsm@mctr=\count120
\c@csm@mctr=\count121
\c@ksm@mctr=\count122
\c@xksm@mctr=\count123
\c@cksm@mctr=\count124
\c@msm@mctr=\count125
\c@xmsm@mctr=\count126
\c@cmsm@mctr=\count127
\c@bsm@mctr=\count128
\c@workm@mctr=\count129
\c@sheetsequence=\count130
\c@lastsheet=\count131
\c@lastpage=\count132
\c@figure=\count133
\c@lofdepth=\count134
\cftbeforefigureskip=\skip179
\cftfigureindent=\skip180
\cftfigurenumwidth=\skip181
\c@table=\count135
\c@lotdepth=\count136
\cftbeforetableskip=\skip182
\cfttableindent=\skip183
\cfttablenumwidth=\skip184
Package abstract [2008/07/23] emulated by memoir.
Package appendix [2008/07/23] emulated by memoir.
Package array [2008/09/09] emulated by memoir.
Package booktabs [2016/05/16] emulated by memoir.
Package ccaption [2008/07/23] emulated by memoir.
Package changepage [2008/07/23] emulated by memoir.
Package chngcntr [2008/07/23] emulated by memoir.
Package chngpage [2008/07/23] emulated by memoir.
Package crop emulated by memoir.
Package dcolumn [2008/07/23] emulated by memoir.
Package delarray [2008/07/23] emulated by memoir.
Package enumerate [2008/07/23] emulated by memoir.
Package epigraph [2008/07/23] emulated by memoir.
Package ifmtarg [2008/07/23] emulated by memoir.
Package index [2008/07/23] emulated by memoir.
Package makeidx [2008/07/23] emulated by memoir.
Package moreverb [2008/07/23] emulated by memoir.
Package mparhack [2008/07/23] emulated by memoir.
Package needspace [2008/07/23] emulated by memoir.
Package newfile [2008/07/23] emulated by memoir.
Package nextpage [2008/07/23] emulated by memoir.
Package pagenote [2008/07/23] emulated by memoir.
Package parskip [2008/07/23] emulated by memoir.
Package patchcmd [2008/07/23] emulated by memoir.
Package setspace [2008/07/23] emulated by memoir.
Package shortvrb [2008/07/23] emulated by memoir.
Package showidx [2008/07/23] emulated by memoir.
Package tabularx [2008/07/23] emulated by memoir.
Package titleref [2008/07/23] emulated by memoir.
Package titling [2008/07/23] emulated by memoir.
Package tocbibind [2008/07/23] emulated by memoir.
Package tocloft [2008/07/23] emulated by memoir.
Package tocvsec2 [2008/07/23] emulated by memoir.
Package verbatim [2008/07/23] emulated by memoir.
Package verse [2008/07/23] emulated by memoir.

(/usr/share/texmf-dist/tex/latex/memoir/mempatch.sty
Package: mempatch 2009/07/24 v6.0f Patches for memoir class v1.6180339
))
(/usr/share/texmf-dist/tex/latex/musixtex/musixtex.sty
(/usr/share/texmf-dist/tex/generic/musixtex/musixtex.tex
MusiXTeX(c) 1.23 <2016-06-06>
\n@i=\count137
\n@ii=\count138
\n@iii=\count139
\n@iv=\count140
\n@v=\count141
\n@vi=\count142
\n@vii=\count143
\n@viii=\count144
\toks@box=\box29
\w@rkbox=\box30
\n@otebox=\box31
\y@=\dimen147
\y@i=\dimen148
\y@ii=\dimen149
\y@iii=\dimen150
\y@iv=\dimen151
\y@v=\dimen152
\group@no=\count145
\interinstrument=\dimen153
\N@s=\count146
\s@Y=\dimen154
\lin@pos=\dimen155
\meet@minus@n@iv=\count147
\interbeam=\dimen156
\b@amthick=\dimen157
\Interligne=\dimen158
\Internote=\dimen159
\ch@box=\box32
\musicsize=\count148
\qd@skip=\dimen160
\qn@width=\dimen161
\wn@width=\dimen162
\txt@ff=\skip185
\s@indent=\skip186
\big@spc=\skip187
\lthick=\dimen163
\afterruleskip=\skip188
\staffbotmarg=\dimen164
\stafftopmarg=\dimen165
\line@width=\dimen166
\interportee=\dimen167
\noport@@=\count149
\noinstrum@nt=\count150
\altportee=\dimen168
\systemheight=\dimen169
\altplancher=\dimen170
\instrum@in@group=\skip189
\boxitsep=\skip190
\barsinpi@c@=\count151
\barno=\count152
\startbarno=\count153
\sign@skip=\dimen171
\maxsign@skip=\dimen172
\x@skip=\dimen173
\n@skip=\dimen174
\beforeruleskip=\skip191
\widthtyp@=\count154
\lastbarno=\count155
\cut@v=\skip192
\init@volta@pos=\skip193
\volta@startcor=\skip194
\volta@endcor=\skip256
\writ@volta@box=\box33
\barsinlin@=\count156
\maxbarsinlin@=\count157
\lastbarpos=\skip257
\ut@ref=\count158
\meterskip=\skip258
\t@c=\toks22
\clef@skip=\skip259
\noteskip=\dimen175
\transpose=\count159
\normaltranspose=\count160
\locx@skip=\dimen176
\elemskip=\dimen177
\@l@mskip=\dimen178
\inh@alt=\count161
\st@bot=\dimen179
\st@top=\dimen180
\stem@skip=\dimen181
\s@lope=\dimen182
\y@vi=\dimen183
\lift@rest=\dimen184
\accshift=\skip260
\@icresc=\skip261
\pdl@pos=\dimen185
\bigwedgebox=\box34
\@itrillei=\skip262
\@itrilleii=\skip263
\@itrilleiii=\skip264
\@itrilleiv=\skip265
\@itrillev=\skip266
\@itrillevi=\skip267
\tr@number=\count162
\o@swz=\toks23
\o@number=\count163
\y@vii=\dimen186
\y@viii=\dimen187
\y@ix=\dimen188
\tuptxtb@x=\box35
\notes@open=\count164
\k@ii=\skip268
\i@ni=\dimen189
\b@xi=\dimen190
\b@zi=\dimen191
\c@xi=\dimen192
\c@zi=\skip269
\d@xi=\dimen193
\d@zi=\skip270
\e@xi=\dimen194
\e@zi=\skip271
\b@pi=\count165
\b@ni=\count166
\n@pi=\count167
\a@si=\count168
\o@si=\count169
\a@ci=\toks24
\o@ci=\toks25
\m@ti=\toks26
\k@iii=\skip272
\i@nii=\dimen256
\b@xii=\dimen257
\b@zii=\dimen258
\c@xii=\dimen259
\c@zii=\skip273
\d@xii=\dimen260
\d@zii=\skip274
\e@xii=\dimen261
\e@zii=\skip275
\b@pii=\count170
\b@nii=\count171
\n@pii=\count172
\a@sii=\count173
\o@sii=\count174
\a@cii=\toks27
\o@cii=\toks28
\m@tii=\toks29
\k@iiii=\skip276
\i@niii=\dimen262
\b@xiii=\dimen263
\b@ziii=\dimen264
\c@xiii=\dimen265
\c@ziii=\skip277
\d@xiii=\dimen266
\d@ziii=\skip278
\e@xiii=\dimen267
\e@ziii=\skip279
\b@piii=\count175
\b@niii=\count176
\n@piii=\count177
\a@siii=\count178
\o@siii=\count179
\a@ciii=\toks30
\o@ciii=\toks31
\m@tiii=\toks32
\k@iiv=\skip280
\i@niv=\dimen268
\b@xiv=\dimen269
\b@ziv=\dimen270
\c@xiv=\dimen271
\c@ziv=\skip281
\d@xiv=\dimen272
\d@ziv=\skip282
\e@xiv=\dimen273
\e@ziv=\skip283
\b@piv=\count180
\b@niv=\count181
\n@piv=\count182
\a@siv=\count183
\o@siv=\count184
\a@civ=\toks33
\o@civ=\toks34
\m@tiv=\toks35
\k@iv=\skip284
\i@nv=\dimen274
\b@xv=\dimen275
\b@zv=\dimen276
\c@xv=\dimen277
\c@zv=\skip285
\d@xv=\dimen278
\d@zv=\skip286
\e@xv=\dimen279
\e@zv=\skip287
\b@pv=\count185
\b@nv=\count186
\n@pv=\count187
\a@sv=\count188
\o@sv=\count189
\a@cv=\toks36
\o@cv=\toks37
\m@tv=\toks38
\k@ivi=\skip288
\i@nvi=\dimen280
\b@xvi=\dimen281
\b@zvi=\dimen282
\c@xvi=\dimen283
\c@zvi=\skip289
\d@xvi=\dimen284
\d@zvi=\skip290
\e@xvi=\dimen285
\e@zvi=\skip291
\b@pvi=\count190
\b@nvi=\count191
\n@pvi=\count192
\a@svi=\count193
\o@svi=\count194
\a@cvi=\toks39
\o@cvi=\toks40
\m@tvi=\toks41
maxinstruments=6
\f@xi=\dimen286
\f@zi=\skip292
\f@xii=\dimen287
\f@zii=\skip293
\f@xiii=\dimen288
\f@ziii=\skip294
\f@xiv=\dimen289
\f@ziv=\skip295
\f@xv=\dimen290
\f@zv=\skip296
\f@xvi=\dimen291
\f@zvi=\skip297
 max128beams=6
\g@bi=\skip298
\g@hi=\skip299
\g@bii=\skip300
\g@hii=\skip301
\g@biii=\skip302
\g@hiii=\skip303
 maxgroups=3
\s@xi=\dimen292
\s@si=\toks42
\s@Yi=\dimen293
\s@ai=\skip304
\s@yi=\count266
\s@Ni=\count267
\s@zi=\count268
\s@di=\toks43
\s@xii=\dimen294
\s@sii=\toks44
\s@Yii=\dimen295
\s@aii=\skip305
\s@yii=\count269
\s@Nii=\count270
\s@zii=\count271
\s@dii=\toks45
\s@xiii=\dimen296
\s@siii=\toks46
\s@Yiii=\dimen297
\s@aiii=\skip306
\s@yiii=\count272
\s@Niii=\count273
\s@ziii=\count274
\s@diii=\toks47
\s@xiv=\dimen298
\s@siv=\toks48
\s@Yiv=\dimen299
\s@aiv=\skip307
\s@yiv=\count275
\s@Niv=\count276
\s@ziv=\count277
\s@div=\toks49
\s@xv=\dimen300
\s@sv=\toks50
\s@Yv=\dimen301
\s@av=\skip308
\s@yv=\count278
\s@Nv=\count279
\s@zv=\count280
\s@dv=\toks51
\s@xvi=\dimen302
\s@svi=\toks52
\s@Yvi=\dimen303
\s@avi=\skip309
\s@yvi=\count281
\s@Nvi=\count282
\s@zvi=\count283
\s@dvi=\toks53
 maxslurs=6
\tr@xi=\skip310
\tr@swi=\toks54
\tr@yi=\skip311
\tr@xii=\skip312
\tr@swii=\toks55
\tr@yii=\skip313
\tr@xiii=\skip314
\tr@swiii=\toks56
\tr@yiii=\skip315
\tr@xiv=\skip316
\tr@swiv=\toks57
\tr@yiv=\skip317
\tr@xv=\skip318
\tr@swv=\toks58
\tr@yv=\skip319
\tr@xvi=\skip320
\tr@swvi=\toks59
\tr@yvi=\skip321
 maxtrills=6
\o@xi=\skip322
\o@yi=\skip323
\o@swi=\toks60
\o@xii=\skip324
\o@yii=\skip325
\o@swii=\toks61
\o@xiii=\skip326
\o@yiii=\skip327
\o@swiii=\toks62
\o@xiv=\skip328
\o@yiv=\skip329
\o@swiv=\toks63
\o@xv=\skip330
\o@yv=\skip331
\o@swv=\toks64
\o@xvi=\skip332
\o@yvi=\skip333
\o@swvi=\toks65

maxoctlines=6
\outmux=\write4
\mulooseness=\count284
\linegoal=\count285
\l@eftrightbox=\box36
\inmux=\read2
) (/usr/share/texmf-dist/tex/latex/musixtex/musixltx.tex
MusiXLaTeX T.61 <25 September 1996>
)) (/usr/share/texmf-dist/tex/latex/graphics/graphicx.sty
Package: graphicx 2014/10/28 v1.0g Enhanced LaTeX Graphics (DPC,SPQR)

(/usr/share/texmf-dist/tex/latex/graphics/keyval.sty
Package: keyval 2014/10/28 v1.15 key=value parser (DPC)
\KV@toks@=\toks66
)
(/usr/share/texmf-dist/tex/latex/graphics/graphics.sty
Package: graphics 2016/07/10 v1.0t Standard LaTeX Graphics (DPC,SPQR)

(/usr/share/texmf-dist/tex/latex/graphics/trig.sty
Package: trig 2016/01/03 v1.10 sin cos tan (DPC)
)
(/usr/share/texmf-dist/tex/latex/graphics-cfg/graphics.cfg
File: graphics.cfg 2016/06/04 v1.11 sample graphics configuration
)
Package graphics Info: Driver file: pdftex.def on input line 99.

(/usr/share/texmf-dist/tex/latex/graphics-def/pdftex.def
File: pdftex.def 2016/07/10 v0.06j Graphics/color for pdfTeX

(/usr/share/texmf-dist/tex/generic/oberdiek/infwarerr.sty
Package: infwarerr 2016/05/16 v1.4 Providing info/warning/error messages (HO)
)
(/usr/share/texmf-dist/tex/generic/oberdiek/ltxcmds.sty
Package: ltxcmds 2016/05/16 v1.23 LaTeX kernel commands for general use (HO)
)
\Gread@gobject=\count286
))
\Gin@req@height=\dimen304
\Gin@req@width=\dimen305
) (./frusciante.aux)
\openout1 = `frusciante.aux'.

LaTeX Font Info:    Checking defaults for OML/cmm/m/it on input line 31.
LaTeX Font Info:    ... okay on input line 31.
LaTeX Font Info:    Checking defaults for T1/cmr/m/n on input line 31.
LaTeX Font Info:    ... okay on input line 31.
LaTeX Font Info:    Checking defaults for OT1/cmr/m/n on input line 31.
LaTeX Font Info:    ... okay on input line 31.
LaTeX Font Info:    Checking defaults for OMS/cmsy/m/n on input line 31.
LaTeX Font Info:    ... okay on input line 31.
LaTeX Font Info:    Checking defaults for OMX/cmex/m/n on input line 31.
LaTeX Font Info:    ... okay on input line 31.
LaTeX Font Info:    Checking defaults for U/cmr/m/n on input line 31.
LaTeX Font Info:    ... okay on input line 31.

(/usr/share/texmf-dist/tex/context/base/mkii/supp-pdf.mkii
[Loading MPS to PDF converter (version 2006.09.02).]
\scratchcounter=\count287
\scratchdimen=\dimen306
\scratchbox=\box37
\nofMPsegments=\count288
\nofMParguments=\count289
\everyMPshowfont=\toks67
\MPscratchCnt=\count290
\MPscratchDim=\dimen307
\MPnumerator=\count291
\makeMPintoPDFobject=\count292
\everyMPtoPDFconversion=\toks68
) (/usr/share/texmf-dist/tex/generic/oberdiek/pdftexcmds.sty
Package: pdftexcmds 2016/05/21 v0.22 Utility functions of pdfTeX for LuaTeX (HO
)
Package pdftexcmds Info: LuaTeX not detected.
Package pdftexcmds Info: \pdf@primitive is available.
Package pdftexcmds Info: \pdf@ifprimitive is available.
Package pdftexcmds Info: \pdfdraftmode found.
)
(/usr/share/texmf-dist/tex/latex/oberdiek/epstopdf-base.sty
Package: epstopdf-base 2016/05/15 v2.6 Base part for package epstopdf

(/usr/share/texmf-dist/tex/latex/oberdiek/grfext.sty
Package: grfext 2016/05/16 v1.2 Manage graphics extensions (HO)

(/usr/share/texmf-dist/tex/generic/oberdiek/kvdefinekeys.sty
Package: kvdefinekeys 2016/05/16 v1.4 Define keys (HO)
))
(/usr/share/texmf-dist/tex/latex/oberdiek/kvoptions.sty
Package: kvoptions 2016/05/16 v3.12 Key value format for package options (HO)

(/usr/share/texmf-dist/tex/generic/oberdiek/kvsetkeys.sty
Package: kvsetkeys 2016/05/16 v1.17 Key value parser (HO)

(/usr/share/texmf-dist/tex/generic/oberdiek/etexcmds.sty
Package: etexcmds 2016/05/16 v1.6 Avoid name clashes with e-TeX commands (HO)
Package etexcmds Info: Could not find \expanded.
(etexcmds)             That can mean that you are not using pdfTeX 1.50 or
(etexcmds)             that some package has redefined \expanded.
(etexcmds)             In the latter case, load this package earlier.
)))
Package epstopdf-base Info: Redefining graphics rule for `.eps' on input line 4
38.
Package grfext Info: Graphics extension search list:
(grfext)             [.png,.pdf,.jpg,.mps,.jpeg,.jbig2,.jb2,.PNG,.PDF,.JPG,.JPE
G,.JBIG2,.JB2,.eps]
(grfext)             \AppendGraphicsExtensions on input line 456.

(/usr/share/texmf-dist/tex/latex/latexconfig/epstopdf-sys.cfg
File: epstopdf-sys.cfg 2010/07/13 v1.3 Configuration of (r)epstopdf for TeX Liv
e
))
\openout4 = `frusciante.mx1'.

 bar 1
Overfull \hbox (17.89958pt too wide) in paragraph at lines 44--63
[][][][][] [][][][][][][][][][] 

\hbox(55.0+0.0)x154.0, glue set - 1.0 []

bar 1
Overfull \hbox (35.89954pt too wide) in paragraph at lines 77--88
[][][][][] [][][][][][][][][][][] 

\hbox(55.0+0.0)x154.0, glue set - 1.0 []

bar 1 [1

{/home/nilon/.texlive/texmf-var/fonts/map/pdftex/updmap/pdftex.map}]
(./frusciante.aux) ) 
Here is how much of TeX's memory you used:
 6714 strings out of 493013
 79769 string characters out of 6139317
 175791 words of memory out of 5000000
 10171 multiletter control sequences out of 15000+600000
 39163 words of font info for 137 fonts, out of 8000000 for 9000
 1141 hyphenation exceptions out of 8191
 45i,9n,25p,236b,208s stack positions out of 5000i,500n,10000p,200000b,80000s
</usr/share/texmf-dist/fonts/type1/public/amsfonts/cm/cmr10
.pfb></usr/share/texmf-dist/fonts/type1/public/amsfonts/cm/cmr8.pfb>
Output written on frusciante.pdf (1 page, 18379 bytes).
PDF statistics:
 16 PDF objects out of 1000 (max. 8388607)
 10 compressed objects within 1 object stream
 0 named destinations out of 1000 (max. 500000)
 1 words of extra memory for PDF output out of 10000 (max. 10000000)

